{"meta": {"format": 3, "version": "7.13.5", "timestamp": "2026-05-30T05:06:41.659919", "branch_coverage": false, "show_contexts": false}, "files": {"src/oma_switch/__init__.py": {"executed_lines": [8], "summary": {"covered_lines": 1, "num_statements": 1, "percent_covered": 100.0, "percent_covered_display": "100", "missing_lines": 0, "excluded_lines": 0, "percent_statements_covered": 100.0, "percent_statements_covered_display": "100"}, "missing_lines": [], "excluded_lines": [], "functions": {"": {"executed_lines": [8], "summary": {"covered_lines": 1, "num_statements": 1, "percent_covered": 100.0, "percent_covered_display": "100", "missing_lines": 0, "excluded_lines": 0, "percent_statements_covered": 100.0, "percent_statements_covered_display": "100"}, "missing_lines": [], "excluded_lines": [], "start_line": 1}}, "classes": {"": {"executed_lines": [8], "summary": {"covered_lines": 1, "num_statements": 1, "percent_covered": 100.0, "percent_covered_display": "100", "missing_lines": 0, "excluded_lines": 0, "percent_statements_covered": 100.0, "percent_statements_covered_display": "100"}, "missing_lines": [], "excluded_lines": [], "start_line": 1}}}, "src/oma_switch/__main__.py": {"executed_lines": [], "summary": {"covered_lines": 0, "num_statements": 1, "percent_covered": 0.0, "percent_covered_display": "0", "missing_lines": 1, "excluded_lines": 2, "percent_statements_covered": 0.0, "percent_statements_covered_display": "0"}, "missing_lines": [3], "excluded_lines": [5, 6], "functions": {"": {"executed_lines": [], "summary": {"covered_lines": 0, "num_statements": 1, "percent_covered": 0.0, "percent_covered_display": "0", "missing_lines": 1, "excluded_lines": 2, "percent_statements_covered": 0.0, "percent_statements_covered_display": "0"}, "missing_lines": [3], "excluded_lines": [5, 6], "start_line": 1}}, "classes": {"": {"executed_lines": [], "summary": {"covered_lines": 0, "num_statements": 1, "percent_covered": 0.0, "percent_covered_display": "0", "missing_lines": 1, "excluded_lines": 2, "percent_statements_covered": 0.0, "percent_statements_covered_display": "0"}, "missing_lines": [3], "excluded_lines": [5, 6], "start_line": 1}}}, "src/oma_switch/cli.py": {"executed_lines": [4, 5, 6, 7, 8, 9, 10, 11, 12, 13, 14, 15, 16, 17, 20, 74], "summary": {"covered_lines": 16, "num_statements": 29, "percent_covered": 55.172413793103445, "percent_covered_display": "55", "missing_lines": 13, "excluded_lines": 2, "percent_statements_covered": 55.172413793103445, "percent_statements_covered_display": "55"}, "missing_lines": [22, 76, 77, 78, 79, 80, 81, 82, 99, 100, 102, 103, 104], "excluded_lines": [107, 108], "functions": {"cmd_help": {"executed_lines": [], "summary": {"covered_lines": 0, "num_statements": 1, "percent_covered": 0.0, "percent_covered_display": "0", "missing_lines": 1, "excluded_lines": 0, "percent_statements_covered": 0.0, "percent_statements_covered_display": "0"}, "missing_lines": [22], "excluded_lines": [], "start_line": 20}, "main": {"executed_lines": [], "summary": {"covered_lines": 0, "num_statements": 12, "percent_covered": 0.0, "percent_covered_display": "0", "missing_lines": 12, "excluded_lines": 0, "percent_statements_covered": 0.0, "percent_statements_covered_display": "0"}, "missing_lines": [76, 77, 78, 79, 80, 81, 82, 99, 100, 102, 103, 104], "excluded_lines": [], "start_line": 74}, "": {"executed_lines": [4, 5, 6, 7, 8, 9, 10, 11, 12, 13, 14, 15, 16, 17, 20, 74], "summary": {"covered_lines": 16, "num_statements": 16, "percent_covered": 100.0, "percent_covered_display": "100", "missing_lines": 0, "excluded_lines": 2, "percent_statements_covered": 100.0, "percent_statements_covered_display": "100"}, "missing_lines": [], "excluded_lines": [107, 108], "start_line": 1}}, "classes": {"": {"executed_lines": [4, 5, 6, 7, 8, 9, 10, 11, 12, 13, 14, 15, 16, 17, 20, 74], "summary": {"covered_lines": 16, "num_statements": 29, "percent_covered": 55.172413793103445, "percent_covered_display": "55", "missing_lines": 13, "excluded_lines": 2, "percent_statements_covered": 55.172413793103445, "percent_statements_covered_display": "55"}, "missing_lines": [22, 76, 77, 78, 79, 80, 81, 82, 99, 100, 102, 103, 104], "excluded_lines": [107, 108], "start_line": 1}}}, "src/oma_switch/cli_helpers.py": {"executed_lines": [6, 7, 8, 9, 10, 11, 12, 13, 15, 16, 17, 18, 19, 20, 23, 32, 33, 34, 35, 36, 40, 41, 42, 44, 45, 46, 49, 58, 59, 60, 61, 62, 66, 67, 69, 70, 71, 73, 74, 75, 76, 77, 79, 80, 81, 82, 84, 86, 88, 89, 90, 93, 105, 135, 147], "summary": {"covered_lines": 55, "num_statements": 109, "percent_covered": 50.45871559633027, "percent_covered_display": "50", "missing_lines": 54, "excluded_lines": 0, "percent_statements_covered": 50.45871559633027, "percent_statements_covered_display": "50"}, "missing_lines": [37, 38, 63, 64, 94, 95, 96, 97, 98, 99, 100, 101, 102, 106, 107, 109, 110, 112, 113, 114, 115, 117, 118, 119, 120, 121, 122, 123, 124, 125, 126, 128, 129, 130, 131, 132, 137, 138, 139, 140, 141, 143, 144, 153, 155, 156, 157, 158, 159, 160, 162, 163, 164, 166], "excluded_lines": [], "functions": {"merge_to_oma_config": {"executed_lines": [32, 33, 34, 35, 36, 40, 41, 42, 44, 45, 46], "summary": {"covered_lines": 11, "num_statements": 13, "percent_covered": 84.61538461538461, "percent_covered_display": "85", "missing_lines": 2, "excluded_lines": 0, "percent_statements_covered": 84.61538461538461, "percent_statements_covered_display": "85"}, "missing_lines": [37, 38], "excluded_lines": [], "start_line": 23}, "merge_fallback_to_oma_config": {"executed_lines": [58, 59, 60, 61, 62, 66, 67, 69, 70, 71, 73, 74, 75, 76, 77, 79, 80, 81, 82, 84, 86, 88, 89, 90], "summary": {"covered_lines": 24, "num_statements": 26, "percent_covered": 92.3076923076923, "percent_covered_display": "92", "missing_lines": 2, "excluded_lines": 0, "percent_statements_covered": 92.3076923076923, "percent_statements_covered_display": "92"}, "missing_lines": [63, 64], "excluded_lines": [], "start_line": 49}, "open_editor": {"executed_lines": [], "summary": {"covered_lines": 0, "num_statements": 9, "percent_covered": 0.0, "percent_covered_display": "0", "missing_lines": 9, "excluded_lines": 0, "percent_statements_covered": 0.0, "percent_statements_covered_display": "0"}, "missing_lines": [94, 95, 96, 97, 98, 99, 100, 101, 102], "excluded_lines": [], "start_line": 93}, "check_current_unrecorded": {"executed_lines": [], "summary": {"covered_lines": 0, "num_statements": 23, "percent_covered": 0.0, "percent_covered_display": "0", "missing_lines": 23, "excluded_lines": 0, "percent_statements_covered": 0.0, "percent_statements_covered_display": "0"}, "missing_lines": [106, 107, 109, 110, 112, 113, 114, 115, 117, 118, 119, 120, 121, 122, 123, 124, 125, 126, 128, 129, 130, 131, 132], "excluded_lines": [], "start_line": 105}, "parse_flag": {"executed_lines": [], "summary": {"covered_lines": 0, "num_statements": 7, "percent_covered": 0.0, "percent_covered_display": "0", "missing_lines": 7, "excluded_lines": 0, "percent_statements_covered": 0.0, "percent_statements_covered_display": "0"}, "missing_lines": [137, 138, 139, 140, 141, 143, 144], "excluded_lines": [], "start_line": 135}, "get_profile_or_current": {"executed_lines": [], "summary": {"covered_lines": 0, "num_statements": 11, "percent_covered": 0.0, "percent_covered_display": "0", "missing_lines": 11, "excluded_lines": 0, "percent_statements_covered": 0.0, "percent_statements_covered_display": "0"}, "missing_lines": [153, 155, 156, 157, 158, 159, 160, 162, 163, 164, 166], "excluded_lines": [], "start_line": 147}, "": {"executed_lines": [6, 7, 8, 9, 10, 11, 12, 13, 15, 16, 17, 18, 19, 20, 23, 49, 93, 105, 135, 147], "summary": {"covered_lines": 20, "num_statements": 20, "percent_covered": 100.0, "percent_covered_display": "100", "missing_lines": 0, "excluded_lines": 0, "percent_statements_covered": 100.0, "percent_statements_covered_display": "100"}, "missing_lines": [], "excluded_lines": [], "start_line": 1}}, "classes": {"": {"executed_lines": [6, 7, 8, 9, 10, 11, 12, 13, 15, 16, 17, 18, 19, 20, 23, 32, 33, 34, 35, 36, 40, 41, 42, 44, 45, 46, 49, 58, 59, 60, 61, 62, 66, 67, 69, 70, 71, 73, 74, 75, 76, 77, 79, 80, 81, 82, 84, 86, 88, 89, 90, 93, 105, 135, 147], "summary": {"covered_lines": 55, "num_statements": 109, "percent_covered": 50.45871559633027, "percent_covered_display": "50", "missing_lines": 54, "excluded_lines": 0, "percent_statements_covered": 50.45871559633027, "percent_statements_covered_display": "50"}, "missing_lines": [37, 38, 63, 64, 94, 95, 96, 97, 98, 99, 100, 101, 102, 106, 107, 109, 110, 112, 113, 114, 115, 117, 118, 119, 120, 121, 122, 123, 124, 125, 126, 128, 129, 130, 131, 132, 137, 138, 139, 140, 141, 143, 144, 153, 155, 156, 157, 158, 159, 160, 162, 163, 164, 166], "excluded_lines": [], "start_line": 1}}}, "src/oma_switch/commands.py": {"executed_lines": [8, 9, 10, 11, 12, 13, 14, 16, 23, 32, 33, 34, 41, 42, 43, 44, 50, 51, 53, 70, 110, 140, 247, 337, 388, 420, 421, 422, 423, 425, 428, 430, 431, 433, 434, 435, 436, 437, 472, 474, 478, 479, 481, 485, 486, 490, 491, 495, 496, 497, 498, 499, 500, 501, 503, 504, 505, 506, 508, 511, 512, 513, 514, 515, 517, 520, 643], "summary": {"covered_lines": 67, "num_statements": 429, "percent_covered": 15.617715617715618, "percent_covered_display": "16", "missing_lines": 362, "excluded_lines": 0, "percent_statements_covered": 15.617715617715618, "percent_statements_covered_display": "16"}, "missing_lines": [72, 73, 74, 75, 76, 78, 79, 81, 82, 83, 85, 86, 87, 89, 90, 91, 92, 94, 95, 100, 102, 103, 104, 105, 106, 107, 112, 113, 114, 116, 117, 119, 120, 121, 123, 124, 125, 126, 128, 129, 130, 132, 133, 135, 136, 137, 149, 151, 152, 153, 155, 156, 158, 159, 160, 162, 163, 164, 165, 167, 168, 169, 170, 172, 173, 174, 175, 176, 177, 178, 179, 180, 181, 182, 183, 185, 187, 188, 190, 191, 192, 193, 194, 195, 196, 197, 198, 199, 200, 201, 202, 204, 206, 207, 209, 210, 212, 213, 215, 217, 218, 219, 220, 221, 223, 224, 227, 229, 230, 231, 233, 234, 236, 237, 238, 240, 241, 243, 244, 257, 259, 260, 261, 263, 264, 266, 267, 268, 270, 271, 272, 274, 275, 277, 278, 279, 281, 282, 283, 284, 289, 290, 292, 293, 295, 296, 297, 299, 300, 301, 303, 304, 306, 308, 309, 310, 311, 312, 314, 315, 316, 318, 319, 320, 321, 323, 328, 330, 331, 333, 334, 344, 346, 348, 349, 350, 352, 354, 355, 356, 357, 358, 359, 360, 361, 363, 364, 366, 367, 368, 369, 370, 371, 372, 375, 376, 377, 379, 380, 382, 383, 384, 385, 390, 391, 392, 394, 395, 397, 398, 399, 401, 402, 403, 405, 406, 407, 409, 410, 411, 413, 414, 416, 417, 439, 440, 442, 443, 444, 445, 447, 448, 449, 451, 452, 453, 454, 456, 457, 458, 459, 460, 461, 462, 463, 465, 467, 468, 469, 475, 476, 482, 483, 487, 488, 492, 493, 527, 529, 530, 531, 532, 534, 535, 536, 538, 539, 540, 541, 542, 543, 545, 546, 547, 548, 550, 551, 552, 553, 554, 555, 557, 558, 559, 560, 561, 563, 564, 565, 567, 568, 569, 571, 572, 573, 574, 575, 577, 579, 580, 584, 585, 586, 587, 588, 589, 590, 591, 592, 593, 595, 598, 599, 600, 601, 602, 603, 604, 605, 606, 607, 608, 609, 611, 612, 613, 614, 615, 616, 618, 619, 620, 621, 623, 624, 625, 627, 628, 629, 630, 631, 632, 633, 634, 635, 636, 637, 638, 639, 640, 645, 646, 647, 649, 651, 652, 653, 655, 657, 658, 663, 665], "excluded_lines": [], "functions": {"cmd_add": {"executed_lines": [], "summary": {"covered_lines": 0, "num_statements": 26, "percent_covered": 0.0, "percent_covered_display": "0", "missing_lines": 26, "excluded_lines": 0, "percent_statements_covered": 0.0, "percent_statements_covered_display": "0"}, "missing_lines": [72, 73, 74, 75, 76, 78, 79, 81, 82, 83, 85, 86, 87, 89, 90, 91, 92, 94, 95, 100, 102, 103, 104, 105, 106, 107], "excluded_lines": [], "start_line": 70}, "cmd_rm": {"executed_lines": [], "summary": {"covered_lines": 0, "num_statements": 20, "percent_covered": 0.0, "percent_covered_display": "0", "missing_lines": 20, "excluded_lines": 0, "percent_statements_covered": 0.0, "percent_statements_covered_display": "0"}, "missing_lines": [112, 113, 114, 116, 117, 119, 120, 121, 123, 124, 125, 126, 128, 129, 130, 132, 133, 135, 136, 137], "excluded_lines": [], "start_line": 110}, "cmd_edit": {"executed_lines": [], "summary": {"covered_lines": 0, "num_statements": 73, "percent_covered": 0.0, "percent_covered_display": "0", "missing_lines": 73, "excluded_lines": 0, "percent_statements_covered": 0.0, "percent_statements_covered_display": "0"}, "missing_lines": [149, 151, 152, 153, 155, 156, 158, 159, 160, 162, 163, 164, 165, 167, 168, 169, 170, 172, 173, 174, 175, 176, 177, 178, 179, 180, 181, 182, 183, 185, 187, 188, 190, 191, 192, 193, 194, 195, 196, 197, 198, 199, 200, 201, 202, 204, 206, 207, 209, 210, 212, 213, 215, 217, 218, 219, 220, 221, 223, 224, 227, 229, 230, 231, 233, 234, 236, 237, 238, 240, 241, 243, 244], "excluded_lines": [], "start_line": 140}, "cmd_create": {"executed_lines": [], "summary": {"covered_lines": 0, "num_statements": 52, "percent_covered": 0.0, "percent_covered_display": "0", "missing_lines": 52, "excluded_lines": 0, "percent_statements_covered": 0.0, "percent_statements_covered_display": "0"}, "missing_lines": [257, 259, 260, 261, 263, 264, 266, 267, 268, 270, 271, 272, 274, 275, 277, 278, 279, 281, 282, 283, 284, 289, 290, 292, 293, 295, 296, 297, 299, 300, 301, 303, 304, 306, 308, 309, 310, 311, 312, 314, 315, 316, 318, 319, 320, 321, 323, 328, 330, 331, 333, 334], "excluded_lines": [], "start_line": 247}, "cmd_view": {"executed_lines": [], "summary": {"covered_lines": 0, "num_statements": 32, "percent_covered": 0.0, "percent_covered_display": "0", "missing_lines": 32, "excluded_lines": 0, "percent_statements_covered": 0.0, "percent_statements_covered_display": "0"}, "missing_lines": [344, 346, 348, 349, 350, 352, 354, 355, 356, 357, 358, 359, 360, 361, 363, 364, 366, 367, 368, 369, 370, 371, 372, 375, 376, 377, 379, 380, 382, 383, 384, 385], "excluded_lines": [], "start_line": 337}, "cmd_rename": {"executed_lines": [], "summary": {"covered_lines": 0, "num_statements": 21, "percent_covered": 0.0, "percent_covered_display": "0", "missing_lines": 21, "excluded_lines": 0, "percent_statements_covered": 0.0, "percent_statements_covered_display": "0"}, "missing_lines": [390, 391, 392, 394, 395, 397, 398, 399, 401, 402, 403, 405, 406, 407, 409, 410, 411, 413, 414, 416, 417], "excluded_lines": [], "start_line": 388}, "_show_fallback_status": {"executed_lines": [421, 422, 423, 425], "summary": {"covered_lines": 4, "num_statements": 4, "percent_covered": 100.0, "percent_covered_display": "100", "missing_lines": 0, "excluded_lines": 0, "percent_statements_covered": 100.0, "percent_statements_covered_display": "100"}, "missing_lines": [], "excluded_lines": [], "start_line": 420}, "cmd_list": {"executed_lines": [430, 431, 433, 434, 435, 436, 437], "summary": {"covered_lines": 7, "num_statements": 32, "percent_covered": 21.875, "percent_covered_display": "22", "missing_lines": 25, "excluded_lines": 0, "percent_statements_covered": 21.875, "percent_statements_covered_display": "22"}, "missing_lines": [439, 440, 442, 443, 444, 445, 447, 448, 449, 451, 452, 453, 454, 456, 457, 458, 459, 460, 461, 462, 463, 465, 467, 468, 469], "excluded_lines": [], "start_line": 428}, "cmd_switch": {"executed_lines": [474, 478, 479, 481, 485, 486, 490, 491, 495, 496, 497, 498, 499, 500, 501, 503, 504, 505, 506, 508, 511, 512, 513, 514, 515, 517], "summary": {"covered_lines": 26, "num_statements": 34, "percent_covered": 76.47058823529412, "percent_covered_display": "76", "missing_lines": 8, "excluded_lines": 0, "percent_statements_covered": 76.47058823529412, "percent_statements_covered_display": "76"}, "missing_lines": [475, 476, 482, 483, 487, 488, 492, 493], "excluded_lines": [], "start_line": 472}, "cmd_diff": {"executed_lines": [], "summary": {"covered_lines": 0, "num_statements": 93, "percent_covered": 0.0, "percent_covered_display": "0", "missing_lines": 93, "excluded_lines": 0, "percent_statements_covered": 0.0, "percent_statements_covered_display": "0"}, "missing_lines": [527, 529, 530, 531, 532, 534, 535, 536, 538, 539, 540, 541, 542, 543, 545, 546, 547, 548, 550, 551, 552, 553, 554, 555, 557, 558, 559, 560, 561, 563, 564, 565, 567, 568, 569, 571, 572, 573, 574, 575, 577, 579, 580, 584, 585, 586, 587, 588, 589, 590, 591, 592, 593, 595, 598, 599, 600, 601, 602, 603, 604, 605, 606, 607, 608, 609, 611, 612, 613, 614, 615, 616, 618, 619, 620, 621, 623, 624, 625, 627, 628, 629, 630, 631, 632, 633, 634, 635, 636, 637, 638, 639, 640], "excluded_lines": [], "start_line": 520}, "cmd_backup": {"executed_lines": [], "summary": {"covered_lines": 0, "num_statements": 12, "percent_covered": 0.0, "percent_covered_display": "0", "missing_lines": 12, "excluded_lines": 0, "percent_statements_covered": 0.0, "percent_statements_covered_display": "0"}, "missing_lines": [645, 646, 647, 649, 651, 652, 653, 655, 657, 658, 663, 665], "excluded_lines": [], "start_line": 643}, "": {"executed_lines": [8, 9, 10, 11, 12, 13, 14, 16, 23, 32, 33, 34, 41, 42, 43, 44, 50, 51, 53, 70, 110, 140, 247, 337, 388, 420, 428, 472, 520, 643], "summary": {"covered_lines": 30, "num_statements": 30, "percent_covered": 100.0, "percent_covered_display": "100", "missing_lines": 0, "excluded_lines": 0, "percent_statements_covered": 100.0, "percent_statements_covered_display": "100"}, "missing_lines": [], "excluded_lines": [], "start_line": 1}}, "classes": {"": {"executed_lines": [8, 9, 10, 11, 12, 13, 14, 16, 23, 32, 33, 34, 41, 42, 43, 44, 50, 51, 53, 70, 110, 140, 247, 337, 388, 420, 421, 422, 423, 425, 428, 430, 431, 433, 434, 435, 436, 437, 472, 474, 478, 479, 481, 485, 486, 490, 491, 495, 496, 497, 498, 499, 500, 501, 503, 504, 505, 506, 508, 511, 512, 513, 514, 515, 517, 520, 643], "summary": {"covered_lines": 67, "num_statements": 429, "percent_covered": 15.617715617715618, "percent_covered_display": "16", "missing_lines": 362, "excluded_lines": 0, "percent_statements_covered": 15.617715617715618, "percent_statements_covered_display": "16"}, "missing_lines": [72, 73, 74, 75, 76, 78, 79, 81, 82, 83, 85, 86, 87, 89, 90, 91, 92, 94, 95, 100, 102, 103, 104, 105, 106, 107, 112, 113, 114, 116, 117, 119, 120, 121, 123, 124, 125, 126, 128, 129, 130, 132, 133, 135, 136, 137, 149, 151, 152, 153, 155, 156, 158, 159, 160, 162, 163, 164, 165, 167, 168, 169, 170, 172, 173, 174, 175, 176, 177, 178, 179, 180, 181, 182, 183, 185, 187, 188, 190, 191, 192, 193, 194, 195, 196, 197, 198, 199, 200, 201, 202, 204, 206, 207, 209, 210, 212, 213, 215, 217, 218, 219, 220, 221, 223, 224, 227, 229, 230, 231, 233, 234, 236, 237, 238, 240, 241, 243, 244, 257, 259, 260, 261, 263, 264, 266, 267, 268, 270, 271, 272, 274, 275, 277, 278, 279, 281, 282, 283, 284, 289, 290, 292, 293, 295, 296, 297, 299, 300, 301, 303, 304, 306, 308, 309, 310, 311, 312, 314, 315, 316, 318, 319, 320, 321, 323, 328, 330, 331, 333, 334, 344, 346, 348, 349, 350, 352, 354, 355, 356, 357, 358, 359, 360, 361, 363, 364, 366, 367, 368, 369, 370, 371, 372, 375, 376, 377, 379, 380, 382, 383, 384, 385, 390, 391, 392, 394, 395, 397, 398, 399, 401, 402, 403, 405, 406, 407, 409, 410, 411, 413, 414, 416, 417, 439, 440, 442, 443, 444, 445, 447, 448, 449, 451, 452, 453, 454, 456, 457, 458, 459, 460, 461, 462, 463, 465, 467, 468, 469, 475, 476, 482, 483, 487, 488, 492, 493, 527, 529, 530, 531, 532, 534, 535, 536, 538, 539, 540, 541, 542, 543, 545, 546, 547, 548, 550, 551, 552, 553, 554, 555, 557, 558, 559, 560, 561, 563, 564, 565, 567, 568, 569, 571, 572, 573, 574, 575, 577, 579, 580, 584, 585, 586, 587, 588, 589, 590, 591, 592, 593, 595, 598, 599, 600, 601, 602, 603, 604, 605, 606, 607, 608, 609, 611, 612, 613, 614, 615, 616, 618, 619, 620, 621, 623, 624, 625, 627, 628, 629, 630, 631, 632, 633, 634, 635, 636, 637, 638, 639, 640, 645, 646, 647, 649, 651, 652, 653, 655, 657, 658, 663, 665], "excluded_lines": [], "start_line": 1}}}, "src/oma_switch/config_io.py": {"executed_lines": [6, 7, 8, 9, 10, 12, 13, 14, 15, 16, 19, 29, 30, 31, 32, 33, 34, 35, 36, 37, 38, 41, 42, 43, 46, 47, 50, 51, 54, 55, 56, 57, 58, 59, 60, 63, 64, 65, 66, 69, 71, 74, 76, 77, 80, 82, 83, 84, 85, 86, 89, 90, 93, 102, 104, 105, 108, 109, 112, 113, 114, 115, 118, 119, 120, 121, 122, 125, 126, 128, 131, 132, 133, 134, 135, 136], "summary": {"covered_lines": 76, "num_statements": 87, "percent_covered": 87.35632183908046, "percent_covered_display": "87", "missing_lines": 11, "excluded_lines": 0, "percent_statements_covered": 87.35632183908046, "percent_statements_covered_display": "87"}, "missing_lines": [39, 40, 44, 45, 94, 95, 96, 97, 98, 99, 127], "excluded_lines": [], "functions": {"_load_json_with_recovery": {"executed_lines": [29, 30, 31, 32, 33, 34, 35, 36, 37, 38, 41, 42, 43, 46, 47], "summary": {"covered_lines": 15, "num_statements": 19, "percent_covered": 78.94736842105263, "percent_covered_display": "79", "missing_lines": 4, "excluded_lines": 0, "percent_statements_covered": 78.94736842105263, "percent_statements_covered_display": "79"}, "missing_lines": [39, 40, 44, 45], "excluded_lines": [], "start_line": 19}, "_default_config": {"executed_lines": [51], "summary": {"covered_lines": 1, "num_statements": 1, "percent_covered": 100.0, "percent_covered_display": "100", "missing_lines": 0, "excluded_lines": 0, "percent_statements_covered": 100.0, "percent_statements_covered_display": "100"}, "missing_lines": [], "excluded_lines": [], "start_line": 50}, "load_config": {"executed_lines": [55, 56, 57, 58, 59, 60], "summary": {"covered_lines": 6, "num_statements": 6, "percent_covered": 100.0, "percent_covered_display": "100", "missing_lines": 0, "excluded_lines": 0, "percent_statements_covered": 100.0, "percent_statements_covered_display": "100"}, "missing_lines": [], "excluded_lines": [], "start_line": 54}, "save_config": {"executed_lines": [64, 65, 66], "summary": {"covered_lines": 3, "num_statements": 3, "percent_covered": 100.0, "percent_covered_display": "100", "missing_lines": 0, "excluded_lines": 0, "percent_statements_covered": 100.0, "percent_statements_covered_display": "100"}, "missing_lines": [], "excluded_lines": [], "start_line": 63}, "get_current_fallback": {"executed_lines": [71], "summary": {"covered_lines": 1, "num_statements": 1, "percent_covered": 100.0, "percent_covered_display": "100", "missing_lines": 0, "excluded_lines": 0, "percent_statements_covered": 100.0, "percent_statements_covered_display": "100"}, "missing_lines": [], "excluded_lines": [], "start_line": 69}, "set_current_fallback": {"executed_lines": [76, 77], "summary": {"covered_lines": 2, "num_statements": 2, "percent_covered": 100.0, "percent_covered_display": "100", "missing_lines": 0, "excluded_lines": 0, "percent_statements_covered": 100.0, "percent_statements_covered_display": "100"}, "missing_lines": [], "excluded_lines": [], "start_line": 74}, "clear_current_fallback_if_deleted": {"executed_lines": [82, 83, 84, 85, 86], "summary": {"covered_lines": 5, "num_statements": 5, "percent_covered": 100.0, "percent_covered_display": "100", "missing_lines": 0, "excluded_lines": 0, "percent_statements_covered": 100.0, "percent_statements_covered_display": "100"}, "missing_lines": [], "excluded_lines": [], "start_line": 80}, "get_profile_path": {"executed_lines": [90], "summary": {"covered_lines": 1, "num_statements": 1, "percent_covered": 100.0, "percent_covered_display": "100", "missing_lines": 0, "excluded_lines": 0, "percent_statements_covered": 100.0, "percent_statements_covered_display": "100"}, "missing_lines": [], "excluded_lines": [], "start_line": 89}, "is_valid_json": {"executed_lines": [], "summary": {"covered_lines": 0, "num_statements": 6, "percent_covered": 0.0, "percent_covered_display": "0", "missing_lines": 6, "excluded_lines": 0, "percent_statements_covered": 0.0, "percent_statements_covered_display": "0"}, "missing_lines": [94, 95, 96, 97, 98, 99], "excluded_lines": [], "start_line": 93}, "load_profile_json": {"executed_lines": [104, 105], "summary": {"covered_lines": 2, "num_statements": 2, "percent_covered": 100.0, "percent_covered_display": "100", "missing_lines": 0, "excluded_lines": 0, "percent_statements_covered": 100.0, "percent_statements_covered_display": "100"}, "missing_lines": [], "excluded_lines": [], "start_line": 102}, "get_fallback_path": {"executed_lines": [109], "summary": {"covered_lines": 1, "num_statements": 1, "percent_covered": 100.0, "percent_covered_display": "100", "missing_lines": 0, "excluded_lines": 0, "percent_statements_covered": 100.0, "percent_statements_covered_display": "100"}, "missing_lines": [], "excluded_lines": [], "start_line": 108}, "load_fallback_json": {"executed_lines": [113, 114, 115], "summary": {"covered_lines": 3, "num_statements": 3, "percent_covered": 100.0, "percent_covered_display": "100", "missing_lines": 0, "excluded_lines": 0, "percent_statements_covered": 100.0, "percent_statements_covered_display": "100"}, "missing_lines": [], "excluded_lines": [], "start_line": 112}, "save_fallback_json": {"executed_lines": [119, 120, 121, 122], "summary": {"covered_lines": 4, "num_statements": 4, "percent_covered": 100.0, "percent_covered_display": "100", "missing_lines": 0, "excluded_lines": 0, "percent_statements_covered": 100.0, "percent_statements_covered_display": "100"}, "missing_lines": [], "excluded_lines": [], "start_line": 118}, "list_fallback_names": {"executed_lines": [126, 128], "summary": {"covered_lines": 2, "num_statements": 3, "percent_covered": 66.66666666666667, "percent_covered_display": "67", "missing_lines": 1, "excluded_lines": 0, "percent_statements_covered": 66.66666666666667, "percent_statements_covered_display": "67"}, "missing_lines": [127], "excluded_lines": [], "start_line": 125}, "delete_fallback_json": {"executed_lines": [132, 133, 134, 135, 136], "summary": {"covered_lines": 5, "num_statements": 5, "percent_covered": 100.0, "percent_covered_display": "100", "missing_lines": 0, "excluded_lines": 0, "percent_statements_covered": 100.0, "percent_statements_covered_display": "100"}, "missing_lines": [], "excluded_lines": [], "start_line": 131}, "": {"executed_lines": [6, 7, 8, 9, 10, 12, 13, 14, 15, 16, 19, 50, 54, 63, 69, 74, 80, 89, 93, 102, 108, 112, 118, 125, 131], "summary": {"covered_lines": 25, "num_statements": 25, "percent_covered": 100.0, "percent_covered_display": "100", "missing_lines": 0, "excluded_lines": 0, "percent_statements_covered": 100.0, "percent_statements_covered_display": "100"}, "missing_lines": [], "excluded_lines": [], "start_line": 1}}, "classes": {"": {"executed_lines": [6, 7, 8, 9, 10, 12, 13, 14, 15, 16, 19, 29, 30, 31, 32, 33, 34, 35, 36, 37, 38, 41, 42, 43, 46, 47, 50, 51, 54, 55, 56, 57, 58, 59, 60, 63, 64, 65, 66, 69, 71, 74, 76, 77, 80, 82, 83, 84, 85, 86, 89, 90, 93, 102, 104, 105, 108, 109, 112, 113, 114, 115, 118, 119, 120, 121, 122, 125, 126, 128, 131, 132, 133, 134, 135, 136], "summary": {"covered_lines": 76, "num_statements": 87, "percent_covered": 87.35632183908046, "percent_covered_display": "87", "missing_lines": 11, "excluded_lines": 0, "percent_statements_covered": 87.35632183908046, "percent_statements_covered_display": "87"}, "missing_lines": [39, 40, 44, 45, 94, 95, 96, 97, 98, 99, 127], "excluded_lines": [], "start_line": 1}}}, "src/oma_switch/constants.py": {"executed_lines": [8, 10, 11, 13, 17, 18, 19, 20, 21, 22, 23, 26, 27], "summary": {"covered_lines": 13, "num_statements": 15, "percent_covered": 86.66666666666667, "percent_covered_display": "87", "missing_lines": 2, "excluded_lines": 0, "percent_statements_covered": 86.66666666666667, "percent_statements_covered_display": "87"}, "missing_lines": [14, 15], "excluded_lines": [], "functions": {"": {"executed_lines": [8, 10, 11, 13, 17, 18, 19, 20, 21, 22, 23, 26, 27], "summary": {"covered_lines": 13, "num_statements": 15, "percent_covered": 86.66666666666667, "percent_covered_display": "87", "missing_lines": 2, "excluded_lines": 0, "percent_statements_covered": 86.66666666666667, "percent_statements_covered_display": "87"}, "missing_lines": [14, 15], "excluded_lines": [], "start_line": 1}}, "classes": {"": {"executed_lines": [8, 10, 11, 13, 17, 18, 19, 20, 21, 22, 23, 26, 27], "summary": {"covered_lines": 13, "num_statements": 15, "percent_covered": 86.66666666666667, "percent_covered_display": "87", "missing_lines": 2, "excluded_lines": 0, "percent_statements_covered": 86.66666666666667, "percent_statements_covered_display": "87"}, "missing_lines": [14, 15], "excluded_lines": [], "start_line": 1}}}, "src/oma_switch/dcp.py": {"executed_lines": [8, 9, 10, 12, 13, 14, 23, 24, 26, 42, 63, 69, 71, 72, 74, 81, 82, 85, 92, 101, 102, 103, 107, 110, 112, 115, 122, 124, 125, 126, 132, 207, 286, 326, 347, 363], "summary": {"covered_lines": 36, "num_statements": 288, "percent_covered": 12.5, "percent_covered_display": "12", "missing_lines": 252, "excluded_lines": 0, "percent_statements_covered": 12.5, "percent_statements_covered_display": "12"}, "missing_lines": [44, 45, 46, 47, 48, 50, 52, 58, 59, 60, 65, 66, 75, 76, 77, 78, 79, 94, 105, 117, 118, 119, 134, 136, 137, 139, 144, 145, 146, 147, 148, 150, 151, 152, 153, 154, 156, 157, 158, 163, 164, 165, 167, 168, 170, 171, 176, 178, 179, 184, 185, 187, 188, 189, 190, 191, 192, 197, 198, 200, 201, 209, 211, 212, 214, 215, 216, 217, 219, 220, 221, 222, 224, 225, 226, 227, 229, 230, 231, 232, 234, 235, 236, 237, 238, 240, 241, 242, 243, 245, 246, 247, 248, 249, 251, 252, 253, 254, 255, 256, 257, 259, 260, 261, 262, 263, 264, 266, 267, 268, 269, 270, 272, 273, 274, 275, 276, 277, 278, 280, 281, 282, 283, 288, 289, 290, 291, 292, 293, 294, 295, 297, 298, 299, 301, 302, 303, 304, 305, 306, 308, 310, 311, 313, 314, 315, 317, 318, 319, 321, 322, 323, 328, 329, 330, 331, 332, 333, 335, 336, 337, 339, 340, 341, 344, 349, 350, 351, 352, 354, 355, 356, 359, 360, 365, 366, 367, 369, 370, 371, 372, 373, 374, 375, 376, 377, 378, 379, 380, 381, 382, 383, 384, 385, 386, 387, 388, 389, 390, 391, 392, 393, 394, 395, 396, 397, 398, 399, 400, 401, 402, 403, 404, 405, 406, 408, 409, 411, 412, 413, 414, 415, 416, 417, 418, 419, 420, 421, 422, 423, 424, 425, 426, 427, 428, 429, 430, 431, 432, 433, 434, 435, 436, 437, 439, 441, 442, 443, 444, 445, 447, 448], "excluded_lines": [], "functions": {"get_dcp_config": {"executed_lines": [], "summary": {"covered_lines": 0, "num_statements": 10, "percent_covered": 0.0, "percent_covered_display": "0", "missing_lines": 10, "excluded_lines": 0, "percent_statements_covered": 0.0, "percent_statements_covered_display": "0"}, "missing_lines": [44, 45, 46, 47, 48, 50, 52, 58, 59, 60], "excluded_lines": [], "start_line": 42}, "save_dcp_config": {"executed_lines": [], "summary": {"covered_lines": 0, "num_statements": 2, "percent_covered": 0.0, "percent_covered_display": "0", "missing_lines": 2, "excluded_lines": 0, "percent_statements_covered": 0.0, "percent_statements_covered_display": "0"}, "missing_lines": [65, 66], "excluded_lines": [], "start_line": 63}, "update_dcp_state": {"executed_lines": [71, 72, 74, 81, 82, 85, 92, 101, 102, 103, 107], "summary": {"covered_lines": 11, "num_statements": 18, "percent_covered": 61.111111111111114, "percent_covered_display": "61", "missing_lines": 7, "excluded_lines": 0, "percent_statements_covered": 61.111111111111114, "percent_statements_covered_display": "61"}, "missing_lines": [75, 76, 77, 78, 79, 94, 105], "excluded_lines": [], "start_line": 69}, "_get_profile_dcp_enabled": {"executed_lines": [112], "summary": {"covered_lines": 1, "num_statements": 1, "percent_covered": 100.0, "percent_covered_display": "100", "missing_lines": 0, "excluded_lines": 0, "percent_statements_covered": 100.0, "percent_statements_covered_display": "100"}, "missing_lines": [], "excluded_lines": [], "start_line": 110}, "_set_profile_dcp_enabled": {"executed_lines": [], "summary": {"covered_lines": 0, "num_statements": 3, "percent_covered": 0.0, "percent_covered_display": "0", "missing_lines": 3, "excluded_lines": 0, "percent_statements_covered": 0.0, "percent_statements_covered_display": "0"}, "missing_lines": [117, 118, 119], "excluded_lines": [], "start_line": 115}, "_apply_profile_dcp": {"executed_lines": [124, 125, 126], "summary": {"covered_lines": 3, "num_statements": 3, "percent_covered": 100.0, "percent_covered_display": "100", "missing_lines": 0, "excluded_lines": 0, "percent_statements_covered": 100.0, "percent_statements_covered_display": "100"}, "missing_lines": [], "excluded_lines": [], "start_line": 122}, "_dcp_show": {"executed_lines": [], "summary": {"covered_lines": 0, "num_statements": 39, "percent_covered": 0.0, "percent_covered_display": "0", "missing_lines": 39, "excluded_lines": 0, "percent_statements_covered": 0.0, "percent_statements_covered_display": "0"}, "missing_lines": [134, 136, 137, 139, 144, 145, 146, 147, 148, 150, 151, 152, 153, 154, 156, 157, 158, 163, 164, 165, 167, 168, 170, 171, 176, 178, 179, 184, 185, 187, 188, 189, 190, 191, 192, 197, 198, 200, 201], "excluded_lines": [], "start_line": 132}, "_dcp_edit": {"executed_lines": [], "summary": {"covered_lines": 0, "num_statements": 62, "percent_covered": 0.0, "percent_covered_display": "0", "missing_lines": 62, "excluded_lines": 0, "percent_statements_covered": 0.0, "percent_statements_covered_display": "0"}, "missing_lines": [209, 211, 212, 214, 215, 216, 217, 219, 220, 221, 222, 224, 225, 226, 227, 229, 230, 231, 232, 234, 235, 236, 237, 238, 240, 241, 242, 243, 245, 246, 247, 248, 249, 251, 252, 253, 254, 255, 256, 257, 259, 260, 261, 262, 263, 264, 266, 267, 268, 269, 270, 272, 273, 274, 275, 276, 277, 278, 280, 281, 282, 283], "excluded_lines": [], "start_line": 207}, "_dcp_set": {"executed_lines": [], "summary": {"covered_lines": 0, "num_statements": 29, "percent_covered": 0.0, "percent_covered_display": "0", "missing_lines": 29, "excluded_lines": 0, "percent_statements_covered": 0.0, "percent_statements_covered_display": "0"}, "missing_lines": [288, 289, 290, 291, 292, 293, 294, 295, 297, 298, 299, 301, 302, 303, 304, 305, 306, 308, 310, 311, 313, 314, 315, 317, 318, 319, 321, 322, 323], "excluded_lines": [], "start_line": 286}, "_dcp_bind_show": {"executed_lines": [], "summary": {"covered_lines": 0, "num_statements": 13, "percent_covered": 0.0, "percent_covered_display": "0", "missing_lines": 13, "excluded_lines": 0, "percent_statements_covered": 0.0, "percent_statements_covered_display": "0"}, "missing_lines": [328, 329, 330, 331, 332, 333, 335, 336, 337, 339, 340, 341, 344], "excluded_lines": [], "start_line": 326}, "_dcp_bind_set": {"executed_lines": [], "summary": {"covered_lines": 0, "num_statements": 9, "percent_covered": 0.0, "percent_covered_display": "0", "missing_lines": 9, "excluded_lines": 0, "percent_statements_covered": 0.0, "percent_statements_covered_display": "0"}, "missing_lines": [349, 350, 351, 352, 354, 355, 356, 359, 360], "excluded_lines": [], "start_line": 347}, "cmd_dcp": {"executed_lines": [], "summary": {"covered_lines": 0, "num_statements": 78, "percent_covered": 0.0, "percent_covered_display": "0", "missing_lines": 78, "excluded_lines": 0, "percent_statements_covered": 0.0, "percent_statements_covered_display": "0"}, "missing_lines": [365, 366, 367, 369, 370, 371, 372, 373, 374, 375, 376, 377, 378, 379, 380, 381, 382, 383, 384, 385, 386, 387, 388, 389, 390, 391, 392, 393, 394, 395, 396, 397, 398, 399, 400, 401, 402, 403, 404, 405, 406, 408, 409, 411, 412, 413, 414, 415, 416, 417, 418, 419, 420, 421, 422, 423, 424, 425, 426, 427, 428, 429, 430, 431, 432, 433, 434, 435, 436, 437, 439, 441, 442, 443, 444, 445, 447, 448], "excluded_lines": [], "start_line": 363}, "": {"executed_lines": [8, 9, 10, 12, 13, 14, 23, 24, 26, 42, 63, 69, 110, 115, 122, 132, 207, 286, 326, 347, 363], "summary": {"covered_lines": 21, "num_statements": 21, "percent_covered": 100.0, "percent_covered_display": "100", "missing_lines": 0, "excluded_lines": 0, "percent_statements_covered": 100.0, "percent_statements_covered_display": "100"}, "missing_lines": [], "excluded_lines": [], "start_line": 1}}, "classes": {"": {"executed_lines": [8, 9, 10, 12, 13, 14, 23, 24, 26, 42, 63, 69, 71, 72, 74, 81, 82, 85, 92, 101, 102, 103, 107, 110, 112, 115, 122, 124, 125, 126, 132, 207, 286, 326, 347, 363], "summary": {"covered_lines": 36, "num_statements": 288, "percent_covered": 12.5, "percent_covered_display": "12", "missing_lines": 252, "excluded_lines": 0, "percent_statements_covered": 12.5, "percent_statements_covered_display": "12"}, "missing_lines": [44, 45, 46, 47, 48, 50, 52, 58, 59, 60, 65, 66, 75, 76, 77, 78, 79, 94, 105, 117, 118, 119, 134, 136, 137, 139, 144, 145, 146, 147, 148, 150, 151, 152, 153, 154, 156, 157, 158, 163, 164, 165, 167, 168, 170, 171, 176, 178, 179, 184, 185, 187, 188, 189, 190, 191, 192, 197, 198, 200, 201, 209, 211, 212, 214, 215, 216, 217, 219, 220, 221, 222, 224, 225, 226, 227, 229, 230, 231, 232, 234, 235, 236, 237, 238, 240, 241, 242, 243, 245, 246, 247, 248, 249, 251, 252, 253, 254, 255, 256, 257, 259, 260, 261, 262, 263, 264, 266, 267, 268, 269, 270, 272, 273, 274, 275, 276, 277, 278, 280, 281, 282, 283, 288, 289, 290, 291, 292, 293, 294, 295, 297, 298, 299, 301, 302, 303, 304, 305, 306, 308, 310, 311, 313, 314, 315, 317, 318, 319, 321, 322, 323, 328, 329, 330, 331, 332, 333, 335, 336, 337, 339, 340, 341, 344, 349, 350, 351, 352, 354, 355, 356, 359, 360, 365, 366, 367, 369, 370, 371, 372, 373, 374, 375, 376, 377, 378, 379, 380, 381, 382, 383, 384, 385, 386, 387, 388, 389, 390, 391, 392, 393, 394, 395, 396, 397, 398, 399, 400, 401, 402, 403, 404, 405, 406, 408, 409, 411, 412, 413, 414, 415, 416, 417, 418, 419, 420, 421, 422, 423, 424, 425, 426, 427, 428, 429, 430, 431, 432, 433, 434, 435, 436, 437, 439, 441, 442, 443, 444, 445, 447, 448], "excluded_lines": [], "start_line": 1}}}, "src/oma_switch/display.py": {"executed_lines": [6, 9, 10, 11, 12, 13, 14, 15, 16, 17, 18, 21, 22, 25, 26, 29, 30, 33, 34, 37, 38, 41, 42, 45, 46, 47, 48], "summary": {"covered_lines": 27, "num_statements": 27, "percent_covered": 100.0, "percent_covered_display": "100", "missing_lines": 0, "excluded_lines": 0, "percent_statements_covered": 100.0, "percent_statements_covered_display": "100"}, "missing_lines": [], "excluded_lines": [], "functions": {"print_color": {"executed_lines": [22], "summary": {"covered_lines": 1, "num_statements": 1, "percent_covered": 100.0, "percent_covered_display": "100", "missing_lines": 0, "excluded_lines": 0, "percent_statements_covered": 100.0, "percent_statements_covered_display": "100"}, "missing_lines": [], "excluded_lines": [], "start_line": 21}, "print_error": {"executed_lines": [26], "summary": {"covered_lines": 1, "num_statements": 1, "percent_covered": 100.0, "percent_covered_display": "100", "missing_lines": 0, "excluded_lines": 0, "percent_statements_covered": 100.0, "percent_statements_covered_display": "100"}, "missing_lines": [], "excluded_lines": [], "start_line": 25}, "print_success": {"executed_lines": [30], "summary": {"covered_lines": 1, "num_statements": 1, "percent_covered": 100.0, "percent_covered_display": "100", "missing_lines": 0, "excluded_lines": 0, "percent_statements_covered": 100.0, "percent_statements_covered_display": "100"}, "missing_lines": [], "excluded_lines": [], "start_line": 29}, "print_warning": {"executed_lines": [34], "summary": {"covered_lines": 1, "num_statements": 1, "percent_covered": 100.0, "percent_covered_display": "100", "missing_lines": 0, "excluded_lines": 0, "percent_statements_covered": 100.0, "percent_statements_covered_display": "100"}, "missing_lines": [], "excluded_lines": [], "start_line": 33}, "print_info": {"executed_lines": [38], "summary": {"covered_lines": 1, "num_statements": 1, "percent_covered": 100.0, "percent_covered_display": "100", "missing_lines": 0, "excluded_lines": 0, "percent_statements_covered": 100.0, "percent_statements_covered_display": "100"}, "missing_lines": [], "excluded_lines": [], "start_line": 37}, "print_dim": {"executed_lines": [42], "summary": {"covered_lines": 1, "num_statements": 1, "percent_covered": 100.0, "percent_covered_display": "100", "missing_lines": 0, "excluded_lines": 0, "percent_statements_covered": 100.0, "percent_statements_covered_display": "100"}, "missing_lines": [], "excluded_lines": [], "start_line": 41}, "ensure_dirs": {"executed_lines": [46, 47, 48], "summary": {"covered_lines": 3, "num_statements": 3, "percent_covered": 100.0, "percent_covered_display": "100", "missing_lines": 0, "excluded_lines": 0, "percent_statements_covered": 100.0, "percent_statements_covered_display": "100"}, "missing_lines": [], "excluded_lines": [], "start_line": 45}, "": {"executed_lines": [6, 9, 10, 11, 12, 13, 14, 15, 16, 17, 18, 21, 25, 29, 33, 37, 41, 45], "summary": {"covered_lines": 18, "num_statements": 18, "percent_covered": 100.0, "percent_covered_display": "100", "missing_lines": 0, "excluded_lines": 0, "percent_statements_covered": 100.0, "percent_statements_covered_display": "100"}, "missing_lines": [], "excluded_lines": [], "start_line": 1}}, "classes": {"Colors": {"executed_lines": [], "summary": {"covered_lines": 0, "num_statements": 0, "percent_covered": 100.0, "percent_covered_display": "100", "missing_lines": 0, "excluded_lines": 0, "percent_statements_covered": 100.0, "percent_statements_covered_display": "100"}, "missing_lines": [], "excluded_lines": [], "start_line": 9}, "": {"executed_lines": [6, 9, 10, 11, 12, 13, 14, 15, 16, 17, 18, 21, 22, 25, 26, 29, 30, 33, 34, 37, 38, 41, 42, 45, 46, 47, 48], "summary": {"covered_lines": 27, "num_statements": 27, "percent_covered": 100.0, "percent_covered_display": "100", "missing_lines": 0, "excluded_lines": 0, "percent_statements_covered": 100.0, "percent_statements_covered_display": "100"}, "missing_lines": [], "excluded_lines": [], "start_line": 1}}}, "src/oma_switch/fallback_cmds.py": {"executed_lines": [6, 7, 9, 10, 20, 21, 22, 23, 31, 44, 45, 46, 48, 49, 50, 51, 53, 54, 55, 56, 58, 59, 61, 63, 64, 65, 66, 67, 69, 71, 72, 76, 78, 79, 80, 81, 84, 86, 88, 89, 90, 92, 93, 95, 96, 98, 99, 100, 101, 103, 104, 108, 109, 110, 111, 112, 113, 115, 116, 119, 126, 128, 129, 131, 133, 134, 135, 137, 138, 142, 143, 146, 159, 163, 164, 168, 169, 173, 174, 176, 177, 179, 181, 182, 183, 184, 185, 186, 187, 189, 191, 192, 196, 198, 199, 200, 201, 203, 204, 205, 206, 209, 216, 221, 222, 223, 225, 229, 230, 234, 235, 239, 240, 242, 243, 245, 246, 247, 249, 250, 251, 253, 254, 255, 256, 257, 258, 260, 263, 276, 280, 281, 285, 286, 287, 288, 290, 291, 295, 297, 298, 300, 301, 302, 305, 307, 311, 312, 316, 317, 321, 322, 326, 328, 329, 330, 332, 335, 337, 338, 339, 341, 342, 343, 345, 346, 348, 350, 351, 352, 354, 356, 358, 360, 363, 364, 367, 369, 370, 371, 372, 375, 376, 377, 378, 379, 380, 381, 382, 383, 384], "summary": {"covered_lines": 191, "num_statements": 234, "percent_covered": 81.62393162393163, "percent_covered_display": "82", "missing_lines": 43, "excluded_lines": 0, "percent_statements_covered": 81.62393162393163, "percent_statements_covered_display": "82"}, "missing_lines": [73, 74, 105, 106, 139, 140, 160, 161, 165, 166, 170, 171, 193, 194, 217, 218, 219, 226, 227, 231, 232, 236, 237, 277, 278, 282, 283, 292, 293, 308, 309, 313, 314, 318, 319, 323, 324, 349, 353, 355, 357, 359, 361], "excluded_lines": [], "functions": {"cmd_fallback_create": {"executed_lines": [44, 45, 46, 48, 49, 50, 51, 53, 54, 55, 56, 58, 59, 61, 63, 64, 65, 66, 67, 69, 71, 72, 76, 78, 79, 80, 81], "summary": {"covered_lines": 27, "num_statements": 29, "percent_covered": 93.10344827586206, "percent_covered_display": "93", "missing_lines": 2, "excluded_lines": 0, "percent_statements_covered": 93.10344827586206, "percent_statements_covered_display": "93"}, "missing_lines": [73, 74], "excluded_lines": [], "start_line": 31}, "cmd_fallback_list": {"executed_lines": [86, 88, 89, 90, 92, 93, 95, 96, 98, 99, 100, 101, 103, 104, 108, 109, 110, 111, 112, 113, 115, 116], "summary": {"covered_lines": 22, "num_statements": 24, "percent_covered": 91.66666666666667, "percent_covered_display": "92", "missing_lines": 2, "excluded_lines": 0, "percent_statements_covered": 91.66666666666667, "percent_statements_covered_display": "92"}, "missing_lines": [105, 106], "excluded_lines": [], "start_line": 84}, "cmd_fallback_view": {"executed_lines": [126, 128, 129, 131, 133, 134, 135, 137, 138, 142, 143], "summary": {"covered_lines": 11, "num_statements": 13, "percent_covered": 84.61538461538461, "percent_covered_display": "85", "missing_lines": 2, "excluded_lines": 0, "percent_statements_covered": 84.61538461538461, "percent_statements_covered_display": "85"}, "missing_lines": [139, 140], "excluded_lines": [], "start_line": 119}, "cmd_fallback_edit": {"executed_lines": [159, 163, 164, 168, 169, 173, 174, 176, 177, 179, 181, 182, 183, 184, 185, 186, 187, 189, 191, 192, 196, 198, 199, 200, 201, 203, 204, 205, 206], "summary": {"covered_lines": 29, "num_statements": 37, "percent_covered": 78.37837837837837, "percent_covered_display": "78", "missing_lines": 8, "excluded_lines": 0, "percent_statements_covered": 78.37837837837837, "percent_statements_covered_display": "78"}, "missing_lines": [160, 161, 165, 166, 170, 171, 193, 194], "excluded_lines": [], "start_line": 146}, "cmd_fallback_diff": {"executed_lines": [216, 221, 222, 223, 225, 229, 230, 234, 235, 239, 240, 242, 243, 245, 246, 247, 249, 250, 251, 253, 254, 255, 256, 257, 258, 260], "summary": {"covered_lines": 26, "num_statements": 35, "percent_covered": 74.28571428571429, "percent_covered_display": "74", "missing_lines": 9, "excluded_lines": 0, "percent_statements_covered": 74.28571428571429, "percent_statements_covered_display": "74"}, "missing_lines": [217, 218, 219, 226, 227, 231, 232, 236, 237], "excluded_lines": [], "start_line": 209}, "cmd_fallback_switch": {"executed_lines": [276, 280, 281, 285, 286, 287, 288, 290, 291, 295, 297, 298, 300, 301, 302], "summary": {"covered_lines": 15, "num_statements": 21, "percent_covered": 71.42857142857143, "percent_covered_display": "71", "missing_lines": 6, "excluded_lines": 0, "percent_statements_covered": 71.42857142857143, "percent_statements_covered_display": "71"}, "missing_lines": [277, 278, 282, 283, 292, 293], "excluded_lines": [], "start_line": 263}, "cmd_fallback_rm": {"executed_lines": [307, 311, 312, 316, 317, 321, 322, 326, 328, 329, 330, 332], "summary": {"covered_lines": 12, "num_statements": 20, "percent_covered": 60.0, "percent_covered_display": "60", "missing_lines": 8, "excluded_lines": 0, "percent_statements_covered": 60.0, "percent_statements_covered_display": "60"}, "missing_lines": [308, 309, 313, 314, 318, 319, 323, 324], "excluded_lines": [], "start_line": 305}, "cmd_fallback": {"executed_lines": [337, 338, 339, 341, 342, 343, 345, 346, 348, 350, 351, 352, 354, 356, 358, 360, 363, 364], "summary": {"covered_lines": 18, "num_statements": 24, "percent_covered": 75.0, "percent_covered_display": "75", "missing_lines": 6, "excluded_lines": 0, "percent_statements_covered": 75.0, "percent_statements_covered_display": "75"}, "missing_lines": [349, 353, 355, 357, 359, 361], "excluded_lines": [], "start_line": 335}, "_fallback_help": {"executed_lines": [369, 370, 371, 372, 375, 376, 377, 378, 379, 380, 381, 382, 383, 384], "summary": {"covered_lines": 14, "num_statements": 14, "percent_covered": 100.0, "percent_covered_display": "100", "missing_lines": 0, "excluded_lines": 0, "percent_statements_covered": 100.0, "percent_statements_covered_display": "100"}, "missing_lines": [], "excluded_lines": [], "start_line": 367}, "": {"executed_lines": [6, 7, 9, 10, 20, 21, 22, 23, 31, 84, 119, 146, 209, 263, 305, 335, 367], "summary": {"covered_lines": 17, "num_statements": 17, "percent_covered": 100.0, "percent_covered_display": "100", "missing_lines": 0, "excluded_lines": 0, "percent_statements_covered": 100.0, "percent_statements_covered_display": "100"}, "missing_lines": [], "excluded_lines": [], "start_line": 1}}, "classes": {"": {"executed_lines": [6, 7, 9, 10, 20, 21, 22, 23, 31, 44, 45, 46, 48, 49, 50, 51, 53, 54, 55, 56, 58, 59, 61, 63, 64, 65, 66, 67, 69, 71, 72, 76, 78, 79, 80, 81, 84, 86, 88, 89, 90, 92, 93, 95, 96, 98, 99, 100, 101, 103, 104, 108, 109, 110, 111, 112, 113, 115, 116, 119, 126, 128, 129, 131, 133, 134, 135, 137, 138, 142, 143, 146, 159, 163, 164, 168, 169, 173, 174, 176, 177, 179, 181, 182, 183, 184, 185, 186, 187, 189, 191, 192, 196, 198, 199, 200, 201, 203, 204, 205, 206, 209, 216, 221, 222, 223, 225, 229, 230, 234, 235, 239, 240, 242, 243, 245, 246, 247, 249, 250, 251, 253, 254, 255, 256, 257, 258, 260, 263, 276, 280, 281, 285, 286, 287, 288, 290, 291, 295, 297, 298, 300, 301, 302, 305, 307, 311, 312, 316, 317, 321, 322, 326, 328, 329, 330, 332, 335, 337, 338, 339, 341, 342, 343, 345, 346, 348, 350, 351, 352, 354, 356, 358, 360, 363, 364, 367, 369, 370, 371, 372, 375, 376, 377, 378, 379, 380, 381, 382, 383, 384], "summary": {"covered_lines": 191, "num_statements": 234, "percent_covered": 81.62393162393163, "percent_covered_display": "82", "missing_lines": 43, "excluded_lines": 0, "percent_statements_covered": 81.62393162393163, "percent_statements_covered_display": "82"}, "missing_lines": [73, 74, 105, 106, 139, 140, 160, 161, 165, 166, 170, 171, 193, 194, 217, 218, 219, 226, 227, 231, 232, 236, 237, 277, 278, 282, 283, 292, 293, 308, 309, 313, 314, 318, 319, 323, 324, 349, 353, 355, 357, 359, 361], "excluded_lines": [], "start_line": 1}}}, "src/oma_switch/history.py": {"executed_lines": [6, 7, 9, 10, 11, 12, 14, 27, 29, 30, 31, 32, 33, 34, 35, 36, 39, 41, 42, 43, 44, 47, 49, 50, 51, 52, 53, 54, 55, 56, 59, 61, 62, 63, 64, 65, 68, 70, 71, 72, 73, 74, 77, 83, 84, 85, 86, 87, 88], "summary": {"covered_lines": 49, "num_statements": 49, "percent_covered": 100.0, "percent_covered_display": "100", "missing_lines": 0, "excluded_lines": 0, "percent_statements_covered": 100.0, "percent_statements_covered_display": "100"}, "missing_lines": [], "excluded_lines": [], "functions": {"load_history": {"executed_lines": [29, 30, 31, 32, 33, 34, 35, 36], "summary": {"covered_lines": 8, "num_statements": 8, "percent_covered": 100.0, "percent_covered_display": "100", "missing_lines": 0, "excluded_lines": 0, "percent_statements_covered": 100.0, "percent_statements_covered_display": "100"}, "missing_lines": [], "excluded_lines": [], "start_line": 27}, "save_history": {"executed_lines": [41, 42, 43, 44], "summary": {"covered_lines": 4, "num_statements": 4, "percent_covered": 100.0, "percent_covered_display": "100", "missing_lines": 0, "excluded_lines": 0, "percent_statements_covered": 100.0, "percent_statements_covered_display": "100"}, "missing_lines": [], "excluded_lines": [], "start_line": 39}, "record_model_usage": {"executed_lines": [49, 50, 51, 52, 53, 54, 55, 56], "summary": {"covered_lines": 8, "num_statements": 8, "percent_covered": 100.0, "percent_covered_display": "100", "missing_lines": 0, "excluded_lines": 0, "percent_statements_covered": 100.0, "percent_statements_covered_display": "100"}, "missing_lines": [], "excluded_lines": [], "start_line": 47}, "get_model_frequency": {"executed_lines": [61, 62, 63, 64, 65], "summary": {"covered_lines": 5, "num_statements": 5, "percent_covered": 100.0, "percent_covered_display": "100", "missing_lines": 0, "excluded_lines": 0, "percent_statements_covered": 100.0, "percent_statements_covered_display": "100"}, "missing_lines": [], "excluded_lines": [], "start_line": 59}, "get_category_frequency": {"executed_lines": [70, 71, 72, 73, 74], "summary": {"covered_lines": 5, "num_statements": 5, "percent_covered": 100.0, "percent_covered_display": "100", "missing_lines": 0, "excluded_lines": 0, "percent_statements_covered": 100.0, "percent_statements_covered_display": "100"}, "missing_lines": [], "excluded_lines": [], "start_line": 68}, "get_category_aware_scores": {"executed_lines": [83, 84, 85, 86, 87, 88], "summary": {"covered_lines": 6, "num_statements": 6, "percent_covered": 100.0, "percent_covered_display": "100", "missing_lines": 0, "excluded_lines": 0, "percent_statements_covered": 100.0, "percent_statements_covered_display": "100"}, "missing_lines": [], "excluded_lines": [], "start_line": 77}, "": {"executed_lines": [6, 7, 9, 10, 11, 12, 14, 27, 39, 47, 59, 68, 77], "summary": {"covered_lines": 13, "num_statements": 13, "percent_covered": 100.0, "percent_covered_display": "100", "missing_lines": 0, "excluded_lines": 0, "percent_statements_covered": 100.0, "percent_statements_covered_display": "100"}, "missing_lines": [], "excluded_lines": [], "start_line": 1}}, "classes": {"": {"executed_lines": [6, 7, 9, 10, 11, 12, 14, 27, 29, 30, 31, 32, 33, 34, 35, 36, 39, 41, 42, 43, 44, 47, 49, 50, 51, 52, 53, 54, 55, 56, 59, 61, 62, 63, 64, 65, 68, 70, 71, 72, 73, 74, 77, 83, 84, 85, 86, 87, 88], "summary": {"covered_lines": 49, "num_statements": 49, "percent_covered": 100.0, "percent_covered_display": "100", "missing_lines": 0, "excluded_lines": 0, "percent_statements_covered": 100.0, "percent_statements_covered_display": "100"}, "missing_lines": [], "excluded_lines": [], "start_line": 1}}}, "src/oma_switch/io_utils.py": {"executed_lines": [5, 6, 7, 8, 9, 10, 13, 17, 18, 19, 22, 23, 24, 25, 27, 28, 29, 30, 32, 33, 34], "summary": {"covered_lines": 21, "num_statements": 21, "percent_covered": 100.0, "percent_covered_display": "100", "missing_lines": 0, "excluded_lines": 0, "percent_statements_covered": 100.0, "percent_statements_covered_display": "100"}, "missing_lines": [], "excluded_lines": [], "functions": {"_atomic_write_json": {"executed_lines": [17, 18, 19, 22, 23, 24, 25, 27, 28, 29, 30, 32, 33, 34], "summary": {"covered_lines": 14, "num_statements": 14, "percent_covered": 100.0, "percent_covered_display": "100", "missing_lines": 0, "excluded_lines": 0, "percent_statements_covered": 100.0, "percent_statements_covered_display": "100"}, "missing_lines": [], "excluded_lines": [], "start_line": 13}, "": {"executed_lines": [5, 6, 7, 8, 9, 10, 13], "summary": {"covered_lines": 7, "num_statements": 7, "percent_covered": 100.0, "percent_covered_display": "100", "missing_lines": 0, "excluded_lines": 0, "percent_statements_covered": 100.0, "percent_statements_covered_display": "100"}, "missing_lines": [], "excluded_lines": [], "start_line": 1}}, "classes": {"": {"executed_lines": [5, 6, 7, 8, 9, 10, 13, 17, 18, 19, 22, 23, 24, 25, 27, 28, 29, 30, 32, 33, 34], "summary": {"covered_lines": 21, "num_statements": 21, "percent_covered": 100.0, "percent_covered_display": "100", "missing_lines": 0, "excluded_lines": 0, "percent_statements_covered": 100.0, "percent_statements_covered_display": "100"}, "missing_lines": [], "excluded_lines": [], "start_line": 1}}}, "src/oma_switch/models.py": {"executed_lines": [8, 9, 11, 12, 13, 14, 17, 19, 21, 22, 23, 24, 25, 26, 27, 28, 29, 30, 31, 33, 34, 35, 36, 37, 38, 39, 40, 44, 45, 46, 47, 48, 49, 50, 51, 52, 53, 54, 55, 59, 62, 69, 71, 72, 73, 74, 75, 76, 78, 81, 82, 83, 84, 85, 86, 87, 88, 89, 94, 95, 96, 97, 98, 99, 100, 101, 106, 107, 108, 109, 110, 111, 112, 113, 114, 115, 116, 117, 118, 122, 123, 124, 125, 127, 128, 131, 137, 138, 140, 141, 142, 143, 144, 145, 146, 147, 148, 154, 158, 159, 161, 162, 163, 166, 174, 175, 176, 177, 178, 181, 189, 190, 193, 194, 195, 196, 197, 198, 200, 201], "summary": {"covered_lines": 120, "num_statements": 133, "percent_covered": 90.22556390977444, "percent_covered_display": "90", "missing_lines": 13, "excluded_lines": 0, "percent_statements_covered": 90.22556390977444, "percent_statements_covered_display": "90"}, "missing_lines": [41, 42, 56, 57, 90, 91, 102, 103, 119, 120, 150, 152, 191], "excluded_lines": [], "functions": {"collect_all_models": {"executed_lines": [19, 21, 22, 23, 24, 25, 26, 27, 28, 29, 30, 31, 33, 34, 35, 36, 37, 38, 39, 40, 44, 45, 46, 47, 48, 49, 50, 51, 52, 53, 54, 55, 59], "summary": {"covered_lines": 33, "num_statements": 37, "percent_covered": 89.1891891891892, "percent_covered_display": "89", "missing_lines": 4, "excluded_lines": 0, "percent_statements_covered": 89.1891891891892, "percent_statements_covered_display": "89"}, "missing_lines": [41, 42, 56, 57], "excluded_lines": [], "start_line": 17}, "collect_models_enriched": {"executed_lines": [69, 71, 81, 82, 83, 84, 85, 86, 87, 88, 89, 94, 95, 96, 97, 98, 99, 100, 101, 106, 107, 108, 109, 110, 111, 112, 113, 114, 115, 116, 117, 118, 122, 123, 124, 125, 127, 128], "summary": {"covered_lines": 38, "num_statements": 44, "percent_covered": 86.36363636363636, "percent_covered_display": "86", "missing_lines": 6, "excluded_lines": 0, "percent_statements_covered": 86.36363636363636, "percent_statements_covered_display": "86"}, "missing_lines": [90, 91, 102, 103, 119, 120], "excluded_lines": [], "start_line": 62}, "collect_models_enriched._add_model": {"executed_lines": [72, 73, 74, 75, 76, 78], "summary": {"covered_lines": 6, "num_statements": 6, "percent_covered": 100.0, "percent_covered_display": "100", "missing_lines": 0, "excluded_lines": 0, "percent_statements_covered": 100.0, "percent_statements_covered_display": "100"}, "missing_lines": [], "excluded_lines": [], "start_line": 71}, "fuzzy_match_models": {"executed_lines": [137, 138, 140, 141, 142, 143, 144, 145, 146, 147, 148, 154, 158, 159, 161, 162, 163], "summary": {"covered_lines": 17, "num_statements": 19, "percent_covered": 89.47368421052632, "percent_covered_display": "89", "missing_lines": 2, "excluded_lines": 0, "percent_statements_covered": 89.47368421052632, "percent_statements_covered_display": "89"}, "missing_lines": [150, 152], "excluded_lines": [], "start_line": 131}, "parse_model_vendor_name": {"executed_lines": [174, 175, 176, 177, 178], "summary": {"covered_lines": 5, "num_statements": 5, "percent_covered": 100.0, "percent_covered_display": "100", "missing_lines": 0, "excluded_lines": 0, "percent_statements_covered": 100.0, "percent_statements_covered_display": "100"}, "missing_lines": [], "excluded_lines": [], "start_line": 166}, "recommend_cross_vendor_models": {"executed_lines": [189, 190, 193, 194, 195, 196, 197, 198, 200, 201], "summary": {"covered_lines": 10, "num_statements": 11, "percent_covered": 90.9090909090909, "percent_covered_display": "91", "missing_lines": 1, "excluded_lines": 0, "percent_statements_covered": 90.9090909090909, "percent_statements_covered_display": "91"}, "missing_lines": [191], "excluded_lines": [], "start_line": 181}, "": {"executed_lines": [8, 9, 11, 12, 13, 14, 17, 62, 131, 166, 181], "summary": {"covered_lines": 11, "num_statements": 11, "percent_covered": 100.0, "percent_covered_display": "100", "missing_lines": 0, "excluded_lines": 0, "percent_statements_covered": 100.0, "percent_statements_covered_display": "100"}, "missing_lines": [], "excluded_lines": [], "start_line": 1}}, "classes": {"": {"executed_lines": [8, 9, 11, 12, 13, 14, 17, 19, 21, 22, 23, 24, 25, 26, 27, 28, 29, 30, 31, 33, 34, 35, 36, 37, 38, 39, 40, 44, 45, 46, 47, 48, 49, 50, 51, 52, 53, 54, 55, 59, 62, 69, 71, 72, 73, 74, 75, 76, 78, 81, 82, 83, 84, 85, 86, 87, 88, 89, 94, 95, 96, 97, 98, 99, 100, 101, 106, 107, 108, 109, 110, 111, 112, 113, 114, 115, 116, 117, 118, 122, 123, 124, 125, 127, 128, 131, 137, 138, 140, 141, 142, 143, 144, 145, 146, 147, 148, 154, 158, 159, 161, 162, 163, 166, 174, 175, 176, 177, 178, 181, 189, 190, 193, 194, 195, 196, 197, 198, 200, 201], "summary": {"covered_lines": 120, "num_statements": 133, "percent_covered": 90.22556390977444, "percent_covered_display": "90", "missing_lines": 13, "excluded_lines": 0, "percent_statements_covered": 90.22556390977444, "percent_statements_covered_display": "90"}, "missing_lines": [41, 42, 56, 57, 90, 91, 102, 103, 119, 120, 150, 152, 191], "excluded_lines": [], "start_line": 1}}}, "src/oma_switch/prompt.py": {"executed_lines": [8, 9, 11, 12, 13, 14, 15, 18, 31, 34, 36, 41, 43, 44, 45, 47, 48, 49, 50, 51, 52, 54, 55, 61, 62, 64, 65, 66, 68, 69, 71, 82, 83, 84, 85, 86, 87, 88, 89, 90, 94, 95, 96, 97, 98, 100, 101, 102, 103, 104, 105, 106, 113, 116, 129, 130, 132, 133, 134, 135, 136, 137, 138, 139, 141, 142, 144, 146, 147, 149, 151, 152, 153, 154, 155, 156, 157, 159, 160, 161, 162, 163, 165, 166, 169, 170, 171, 172, 173, 174, 175, 176, 177, 179, 180, 181, 182, 183, 184, 185, 186, 187, 189, 191, 192, 193, 194, 195, 196, 197, 199, 201, 202, 205, 206, 208, 209, 210, 214, 215, 216, 217, 218, 220, 222, 223, 227, 231, 232, 234, 235, 237, 239, 240, 241, 242, 243, 244, 246, 247, 248, 249, 250, 251, 253, 254, 258, 259, 260, 265, 266, 269, 299, 308, 309, 310, 311, 312, 313], "summary": {"covered_lines": 159, "num_statements": 200, "percent_covered": 79.5, "percent_covered_display": "80", "missing_lines": 41, "excluded_lines": 0, "percent_statements_covered": 79.5, "percent_statements_covered_display": "80"}, "missing_lines": [32, 37, 56, 57, 59, 67, 72, 73, 74, 75, 76, 77, 78, 80, 91, 92, 108, 109, 110, 148, 203, 255, 256, 262, 263, 279, 280, 281, 282, 283, 284, 285, 286, 287, 288, 289, 291, 292, 293, 295, 296], "excluded_lines": [], "functions": {"prompt_select_model": {"executed_lines": [31, 34, 36, 41, 43, 44, 45, 47, 54, 55, 61, 62, 64, 65, 66, 68, 69, 71, 82, 83, 84, 85, 86, 87, 88, 89, 90, 94, 95, 96, 97, 98, 100, 101, 102, 103, 104, 105, 106], "summary": {"covered_lines": 39, "num_statements": 58, "percent_covered": 67.24137931034483, "percent_covered_display": "67", "missing_lines": 19, "excluded_lines": 0, "percent_statements_covered": 67.24137931034483, "percent_statements_covered_display": "67"}, "missing_lines": [32, 37, 56, 57, 59, 67, 72, 73, 74, 75, 76, 77, 78, 80, 91, 92, 108, 109, 110], "excluded_lines": [], "start_line": 18}, "prompt_select_model._display_models": {"executed_lines": [48, 49, 50, 51, 52], "summary": {"covered_lines": 5, "num_statements": 5, "percent_covered": 100.0, "percent_covered_display": "100", "missing_lines": 0, "excluded_lines": 0, "percent_statements_covered": 100.0, "percent_statements_covered_display": "100"}, "missing_lines": [], "excluded_lines": [], "start_line": 47}, "prompt_select_fallback_models": {"executed_lines": [129, 130, 132, 133, 134, 135, 136, 137, 138, 139, 141, 142, 144, 146, 147, 149, 151, 152, 153, 154, 155, 156, 157, 159, 191, 208, 220, 222, 223, 227, 231, 232, 234, 235, 237, 239, 240, 241, 242, 243, 244, 246, 247, 248, 249, 250, 251, 253, 254, 258, 259, 260, 265, 266], "summary": {"covered_lines": 54, "num_statements": 59, "percent_covered": 91.52542372881356, "percent_covered_display": "92", "missing_lines": 5, "excluded_lines": 0, "percent_statements_covered": 91.52542372881356, "percent_statements_covered_display": "92"}, "missing_lines": [148, 255, 256, 262, 263], "excluded_lines": [], "start_line": 116}, "prompt_select_fallback_models._display_grouped": {"executed_lines": [160, 161, 162, 163, 165, 166, 169, 170, 171, 172, 173, 174, 175, 176, 177, 179, 180, 181, 182, 183, 184, 185, 186, 187, 189], "summary": {"covered_lines": 25, "num_statements": 25, "percent_covered": 100.0, "percent_covered_display": "100", "missing_lines": 0, "excluded_lines": 0, "percent_statements_covered": 100.0, "percent_statements_covered_display": "100"}, "missing_lines": [], "excluded_lines": [], "start_line": 159}, "prompt_select_fallback_models._apply_selection": {"executed_lines": [192, 193, 194, 195, 196, 197, 199, 201, 202, 205, 206], "summary": {"covered_lines": 11, "num_statements": 12, "percent_covered": 91.66666666666667, "percent_covered_display": "92", "missing_lines": 1, "excluded_lines": 0, "percent_statements_covered": 91.66666666666667, "percent_statements_covered_display": "92"}, "missing_lines": [203], "excluded_lines": [], "start_line": 191}, "prompt_select_fallback_models._truncate_and_record": {"executed_lines": [209, 210, 214, 215, 216, 217, 218], "summary": {"covered_lines": 7, "num_statements": 7, "percent_covered": 100.0, "percent_covered_display": "100", "missing_lines": 0, "excluded_lines": 0, "percent_statements_covered": 100.0, "percent_statements_covered_display": "100"}, "missing_lines": [], "excluded_lines": [], "start_line": 208}, "generate_profile_from_types": {"executed_lines": [], "summary": {"covered_lines": 0, "num_statements": 16, "percent_covered": 0.0, "percent_covered_display": "0", "missing_lines": 16, "excluded_lines": 0, "percent_statements_covered": 0.0, "percent_statements_covered_display": "0"}, "missing_lines": [279, 280, 281, 282, 283, 284, 285, 286, 287, 288, 289, 291, 292, 293, 295, 296], "excluded_lines": [], "start_line": 269}, "generate_fallback_from_types": {"executed_lines": [308, 309, 310, 311, 312, 313], "summary": {"covered_lines": 6, "num_statements": 6, "percent_covered": 100.0, "percent_covered_display": "100", "missing_lines": 0, "excluded_lines": 0, "percent_statements_covered": 100.0, "percent_statements_covered_display": "100"}, "missing_lines": [], "excluded_lines": [], "start_line": 299}, "": {"executed_lines": [8, 9, 11, 12, 13, 14, 15, 18, 113, 116, 269, 299], "summary": {"covered_lines": 12, "num_statements": 12, "percent_covered": 100.0, "percent_covered_display": "100", "missing_lines": 0, "excluded_lines": 0, "percent_statements_covered": 100.0, "percent_statements_covered_display": "100"}, "missing_lines": [], "excluded_lines": [], "start_line": 1}}, "classes": {"": {"executed_lines": [8, 9, 11, 12, 13, 14, 15, 18, 31, 34, 36, 41, 43, 44, 45, 47, 48, 49, 50, 51, 52, 54, 55, 61, 62, 64, 65, 66, 68, 69, 71, 82, 83, 84, 85, 86, 87, 88, 89, 90, 94, 95, 96, 97, 98, 100, 101, 102, 103, 104, 105, 106, 113, 116, 129, 130, 132, 133, 134, 135, 136, 137, 138, 139, 141, 142, 144, 146, 147, 149, 151, 152, 153, 154, 155, 156, 157, 159, 160, 161, 162, 163, 165, 166, 169, 170, 171, 172, 173, 174, 175, 176, 177, 179, 180, 181, 182, 183, 184, 185, 186, 187, 189, 191, 192, 193, 194, 195, 196, 197, 199, 201, 202, 205, 206, 208, 209, 210, 214, 215, 216, 217, 218, 220, 222, 223, 227, 231, 232, 234, 235, 237, 239, 240, 241, 242, 243, 244, 246, 247, 248, 249, 250, 251, 253, 254, 258, 259, 260, 265, 266, 269, 299, 308, 309, 310, 311, 312, 313], "summary": {"covered_lines": 159, "num_statements": 200, "percent_covered": 79.5, "percent_covered_display": "80", "missing_lines": 41, "excluded_lines": 0, "percent_statements_covered": 79.5, "percent_statements_covered_display": "80"}, "missing_lines": [32, 37, 56, 57, 59, 67, 72, 73, 74, 75, 76, 77, 78, 80, 91, 92, 108, 109, 110, 148, 203, 255, 256, 262, 263, 279, 280, 281, 282, 283, 284, 285, 286, 287, 288, 289, 291, 292, 293, 295, 296], "excluded_lines": [], "start_line": 1}}}, "src/oma_switch/template.py": {"executed_lines": [6, 7, 8, 9, 10, 12, 18, 19, 27, 28, 29, 31, 53, 60, 62, 63, 64, 65, 66, 71, 117, 125, 133, 135, 142, 145, 153, 163, 164, 166, 167, 168, 169, 170, 171, 172, 173, 174, 175, 176, 178, 181, 197, 199, 200, 201, 203, 204, 206, 207, 208, 210, 211, 213, 214, 215, 216, 218, 220, 221, 222, 223, 225, 228, 252, 287, 292, 293, 294, 295, 296, 297, 298, 301, 313, 314, 315, 316, 317, 320, 329, 330, 331, 333, 334, 335, 336, 337, 338, 339, 340, 341, 343, 344, 347, 403], "summary": {"covered_lines": 96, "num_statements": 280, "percent_covered": 34.285714285714285, "percent_covered_display": "34", "missing_lines": 184, "excluded_lines": 0, "percent_statements_covered": 34.285714285714285, "percent_statements_covered_display": "34"}, "missing_lines": [119, 127, 128, 129, 130, 136, 137, 138, 139, 140, 141, 147, 148, 149, 150, 217, 236, 237, 239, 240, 241, 242, 243, 244, 246, 247, 249, 257, 258, 259, 261, 262, 263, 264, 265, 266, 267, 268, 269, 270, 271, 272, 273, 275, 276, 277, 278, 279, 280, 281, 282, 283, 284, 351, 352, 354, 355, 356, 357, 359, 360, 361, 362, 366, 367, 369, 370, 371, 372, 373, 374, 375, 376, 378, 379, 380, 381, 382, 383, 384, 385, 386, 387, 388, 390, 391, 393, 394, 395, 396, 397, 398, 400, 406, 408, 409, 410, 412, 413, 415, 417, 418, 419, 420, 421, 422, 423, 424, 425, 426, 428, 429, 430, 432, 433, 435, 437, 438, 439, 441, 442, 443, 444, 446, 447, 448, 449, 450, 451, 452, 454, 455, 457, 458, 459, 460, 461, 462, 464, 465, 467, 468, 469, 471, 473, 474, 476, 477, 478, 479, 480, 481, 482, 483, 484, 485, 487, 488, 490, 491, 492, 494, 495, 496, 498, 499, 501, 502, 503, 504, 506, 507, 509, 510, 512, 513, 514, 515, 516, 517, 518, 520, 521, 522], "excluded_lines": [], "functions": {"parse_model_with_variant": {"executed_lines": [60, 62, 63, 64, 65, 66], "summary": {"covered_lines": 6, "num_statements": 6, "percent_covered": 100.0, "percent_covered_display": "100", "missing_lines": 0, "excluded_lines": 0, "percent_statements_covered": 100.0, "percent_statements_covered_display": "100"}, "missing_lines": [], "excluded_lines": [], "start_line": 53}, "_template_to_json": {"executed_lines": [], "summary": {"covered_lines": 0, "num_statements": 1, "percent_covered": 0.0, "percent_covered_display": "0", "missing_lines": 1, "excluded_lines": 0, "percent_statements_covered": 0.0, "percent_statements_covered_display": "0"}, "missing_lines": [119], "excluded_lines": [], "start_line": 117}, "_template_from_json": {"executed_lines": [], "summary": {"covered_lines": 0, "num_statements": 4, "percent_covered": 0.0, "percent_covered_display": "0", "missing_lines": 4, "excluded_lines": 0, "percent_statements_covered": 0.0, "percent_statements_covered_display": "0"}, "missing_lines": [127, 128, 129, 130], "excluded_lines": [], "start_line": 125}, "load_template": {"executed_lines": [135, 142], "summary": {"covered_lines": 2, "num_statements": 8, "percent_covered": 25.0, "percent_covered_display": "25", "missing_lines": 6, "excluded_lines": 0, "percent_statements_covered": 25.0, "percent_statements_covered_display": "25"}, "missing_lines": [136, 137, 138, 139, 140, 141], "excluded_lines": [], "start_line": 133}, "save_template": {"executed_lines": [], "summary": {"covered_lines": 0, "num_statements": 4, "percent_covered": 0.0, "percent_covered_display": "0", "missing_lines": 4, "excluded_lines": 0, "percent_statements_covered": 0.0, "percent_statements_covered_display": "0"}, "missing_lines": [147, 148, 149, 150], "excluded_lines": [], "start_line": 145}, "check_template_profile": {"executed_lines": [163, 164, 166, 167, 168, 169, 170, 171, 172, 173, 174, 175, 176, 178], "summary": {"covered_lines": 14, "num_statements": 14, "percent_covered": 100.0, "percent_covered_display": "100", "missing_lines": 0, "excluded_lines": 0, "percent_statements_covered": 100.0, "percent_statements_covered_display": "100"}, "missing_lines": [], "excluded_lines": [], "start_line": 153}, "validate_fallback_config": {"executed_lines": [197, 199, 200, 201, 203, 204, 206, 207, 208, 210, 211, 213, 214, 215, 216, 218, 220, 221, 222, 223, 225], "summary": {"covered_lines": 21, "num_statements": 22, "percent_covered": 95.45454545454545, "percent_covered_display": "95", "missing_lines": 1, "excluded_lines": 0, "percent_statements_covered": 95.45454545454545, "percent_statements_covered_display": "95"}, "missing_lines": [217], "excluded_lines": [], "start_line": 181}, "get_template_summary": {"executed_lines": [], "summary": {"covered_lines": 0, "num_statements": 11, "percent_covered": 0.0, "percent_covered_display": "0", "missing_lines": 11, "excluded_lines": 0, "percent_statements_covered": 0.0, "percent_statements_covered_display": "0"}, "missing_lines": [236, 237, 239, 240, 241, 242, 243, 244, 246, 247, 249], "excluded_lines": [], "start_line": 228}, "print_type_summary": {"executed_lines": [], "summary": {"covered_lines": 0, "num_statements": 26, "percent_covered": 0.0, "percent_covered_display": "0", "missing_lines": 26, "excluded_lines": 0, "percent_statements_covered": 0.0, "percent_statements_covered_display": "0"}, "missing_lines": [257, 258, 259, 261, 262, 263, 264, 265, 266, 267, 268, 269, 270, 271, 272, 273, 275, 276, 277, 278, 279, 280, 281, 282, 283, 284], "excluded_lines": [], "start_line": 252}, "_format_fallback_item": {"executed_lines": [292, 293, 294, 295, 296, 297, 298], "summary": {"covered_lines": 7, "num_statements": 7, "percent_covered": 100.0, "percent_covered_display": "100", "missing_lines": 0, "excluded_lines": 0, "percent_statements_covered": 100.0, "percent_statements_covered_display": "100"}, "missing_lines": [], "excluded_lines": [], "start_line": 287}, "get_fallback_summary": {"executed_lines": [313, 314, 315, 316, 317], "summary": {"covered_lines": 5, "num_statements": 5, "percent_covered": 100.0, "percent_covered_display": "100", "missing_lines": 0, "excluded_lines": 0, "percent_statements_covered": 100.0, "percent_statements_covered_display": "100"}, "missing_lines": [], "excluded_lines": [], "start_line": 301}, "print_fallback_summary": {"executed_lines": [329, 330, 331, 333, 334, 335, 336, 337, 338, 339, 340, 341, 343, 344], "summary": {"covered_lines": 14, "num_statements": 14, "percent_covered": 100.0, "percent_covered_display": "100", "missing_lines": 0, "excluded_lines": 0, "percent_statements_covered": 100.0, "percent_statements_covered_display": "100"}, "missing_lines": [], "excluded_lines": [], "start_line": 320}, "sync_profiles_after_template_change": {"executed_lines": [], "summary": {"covered_lines": 0, "num_statements": 40, "percent_covered": 0.0, "percent_covered_display": "0", "missing_lines": 40, "excluded_lines": 0, "percent_statements_covered": 0.0, "percent_statements_covered_display": "0"}, "missing_lines": [351, 352, 354, 355, 356, 357, 359, 360, 361, 362, 366, 367, 369, 370, 371, 372, 373, 374, 375, 376, 378, 379, 380, 381, 382, 383, 384, 385, 386, 387, 388, 390, 391, 393, 394, 395, 396, 397, 398, 400], "excluded_lines": [], "start_line": 347}, "cmd_template": {"executed_lines": [], "summary": {"covered_lines": 0, "num_statements": 91, "percent_covered": 0.0, "percent_covered_display": "0", "missing_lines": 91, "excluded_lines": 0, "percent_statements_covered": 0.0, "percent_statements_covered_display": "0"}, "missing_lines": [406, 408, 409, 410, 412, 413, 415, 417, 418, 419, 420, 421, 422, 423, 424, 425, 426, 428, 429, 430, 432, 433, 435, 437, 438, 439, 441, 442, 443, 444, 446, 447, 448, 449, 450, 451, 452, 454, 455, 457, 458, 459, 460, 461, 462, 464, 465, 467, 468, 469, 471, 473, 474, 476, 477, 478, 479, 480, 481, 482, 483, 484, 485, 487, 488, 490, 491, 492, 494, 495, 496, 498, 499, 501, 502, 503, 504, 506, 507, 509, 510, 512, 513, 514, 515, 516, 517, 518, 520, 521, 522], "excluded_lines": [], "start_line": 403}, "": {"executed_lines": [6, 7, 8, 9, 10, 12, 18, 19, 27, 28, 29, 31, 53, 71, 117, 125, 133, 145, 153, 181, 228, 252, 287, 301, 320, 347, 403], "summary": {"covered_lines": 27, "num_statements": 27, "percent_covered": 100.0, "percent_covered_display": "100", "missing_lines": 0, "excluded_lines": 0, "percent_statements_covered": 100.0, "percent_statements_covered_display": "100"}, "missing_lines": [], "excluded_lines": [], "start_line": 1}}, "classes": {"": {"executed_lines": [6, 7, 8, 9, 10, 12, 18, 19, 27, 28, 29, 31, 53, 60, 62, 63, 64, 65, 66, 71, 117, 125, 133, 135, 142, 145, 153, 163, 164, 166, 167, 168, 169, 170, 171, 172, 173, 174, 175, 176, 178, 181, 197, 199, 200, 201, 203, 204, 206, 207, 208, 210, 211, 213, 214, 215, 216, 218, 220, 221, 222, 223, 225, 228, 252, 287, 292, 293, 294, 295, 296, 297, 298, 301, 313, 314, 315, 316, 317, 320, 329, 330, 331, 333, 334, 335, 336, 337, 338, 339, 340, 341, 343, 344, 347, 403], "summary": {"covered_lines": 96, "num_statements": 280, "percent_covered": 34.285714285714285, "percent_covered_display": "34", "missing_lines": 184, "excluded_lines": 0, "percent_statements_covered": 34.285714285714285, "percent_statements_covered_display": "34"}, "missing_lines": [119, 127, 128, 129, 130, 136, 137, 138, 139, 140, 141, 147, 148, 149, 150, 217, 236, 237, 239, 240, 241, 242, 243, 244, 246, 247, 249, 257, 258, 259, 261, 262, 263, 264, 265, 266, 267, 268, 269, 270, 271, 272, 273, 275, 276, 277, 278, 279, 280, 281, 282, 283, 284, 351, 352, 354, 355, 356, 357, 359, 360, 361, 362, 366, 367, 369, 370, 371, 372, 373, 374, 375, 376, 378, 379, 380, 381, 382, 383, 384, 385, 386, 387, 388, 390, 391, 393, 394, 395, 396, 397, 398, 400, 406, 408, 409, 410, 412, 413, 415, 417, 418, 419, 420, 421, 422, 423, 424, 425, 426, 428, 429, 430, 432, 433, 435, 437, 438, 439, 441, 442, 443, 444, 446, 447, 448, 449, 450, 451, 452, 454, 455, 457, 458, 459, 460, 461, 462, 464, 465, 467, 468, 469, 471, 473, 474, 476, 477, 478, 479, 480, 481, 482, 483, 484, 485, 487, 488, 490, 491, 492, 494, 495, 496, 498, 499, 501, 502, 503, 504, 506, 507, 509, 510, 512, 513, 514, 515, 516, 517, 518, 520, 521, 522], "excluded_lines": [], "start_line": 1}}}, "src/oma_switch/types.py": {"executed_lines": [12, 17, 24, 25, 26, 27, 28, 29, 35, 44, 45, 46, 52, 64, 65, 66, 67, 68, 69, 75, 78, 81, 84, 85, 88, 96, 99, 106, 107, 108, 109, 110, 116, 119, 122, 130, 131, 132], "summary": {"covered_lines": 38, "num_statements": 38, "percent_covered": 100.0, "percent_covered_display": "100", "missing_lines": 0, "excluded_lines": 0, "percent_statements_covered": 100.0, "percent_statements_covered_display": "100"}, "missing_lines": [], "excluded_lines": [], "functions": {"": {"executed_lines": [12, 17, 24, 25, 26, 27, 28, 29, 35, 44, 45, 46, 52, 64, 65, 66, 67, 68, 69, 75, 78, 81, 84, 85, 88, 96, 99, 106, 107, 108, 109, 110, 116, 119, 122, 130, 131, 132], "summary": {"covered_lines": 38, "num_statements": 38, "percent_covered": 100.0, "percent_covered_display": "100", "missing_lines": 0, "excluded_lines": 0, "percent_statements_covered": 100.0, "percent_statements_covered_display": "100"}, "missing_lines": [], "excluded_lines": [], "start_line": 1}}, "classes": {"ProfileMeta": {"executed_lines": [], "summary": {"covered_lines": 0, "num_statements": 0, "percent_covered": 100.0, "percent_covered_display": "100", "missing_lines": 0, "excluded_lines": 0, "percent_statements_covered": 100.0, "percent_statements_covered_display": "100"}, "missing_lines": [], "excluded_lines": [], "start_line": 17}, "OmaSwitchConfig": {"executed_lines": [], "summary": {"covered_lines": 0, "num_statements": 0, "percent_covered": 100.0, "percent_covered_display": "100", "missing_lines": 0, "excluded_lines": 0, "percent_statements_covered": 100.0, "percent_statements_covered_display": "100"}, "missing_lines": [], "excluded_lines": [], "start_line": 35}, "VersionMetadata": {"executed_lines": [], "summary": {"covered_lines": 0, "num_statements": 0, "percent_covered": 100.0, "percent_covered_display": "100", "missing_lines": 0, "excluded_lines": 0, "percent_statements_covered": 100.0, "percent_statements_covered_display": "100"}, "missing_lines": [], "excluded_lines": [], "start_line": 52}, "FallbackModelItem": {"executed_lines": [], "summary": {"covered_lines": 0, "num_statements": 0, "percent_covered": 100.0, "percent_covered_display": "100", "missing_lines": 0, "excluded_lines": 0, "percent_statements_covered": 100.0, "percent_statements_covered_display": "100"}, "missing_lines": [], "excluded_lines": [], "start_line": 75}, "FallbackModelItemWithVariant": {"executed_lines": [], "summary": {"covered_lines": 0, "num_statements": 0, "percent_covered": 100.0, "percent_covered_display": "100", "missing_lines": 0, "excluded_lines": 0, "percent_statements_covered": 100.0, "percent_statements_covered_display": "100"}, "missing_lines": [], "excluded_lines": [], "start_line": 81}, "FallbackCategory": {"executed_lines": [], "summary": {"covered_lines": 0, "num_statements": 0, "percent_covered": 100.0, "percent_covered_display": "100", "missing_lines": 0, "excluded_lines": 0, "percent_statements_covered": 100.0, "percent_statements_covered_display": "100"}, "missing_lines": [], "excluded_lines": [], "start_line": 88}, "FallbackData": {"executed_lines": [], "summary": {"covered_lines": 0, "num_statements": 0, "percent_covered": 100.0, "percent_covered_display": "100", "missing_lines": 0, "excluded_lines": 0, "percent_statements_covered": 100.0, "percent_statements_covered_display": "100"}, "missing_lines": [], "excluded_lines": [], "start_line": 99}, "_DcpConfigRequired": {"executed_lines": [], "summary": {"covered_lines": 0, "num_statements": 0, "percent_covered": 100.0, "percent_covered_display": "100", "missing_lines": 0, "excluded_lines": 0, "percent_statements_covered": 100.0, "percent_statements_covered_display": "100"}, "missing_lines": [], "excluded_lines": [], "start_line": 116}, "DcpConfig": {"executed_lines": [], "summary": {"covered_lines": 0, "num_statements": 0, "percent_covered": 100.0, "percent_covered_display": "100", "missing_lines": 0, "excluded_lines": 0, "percent_statements_covered": 100.0, "percent_statements_covered_display": "100"}, "missing_lines": [], "excluded_lines": [], "start_line": 122}, "": {"executed_lines": [12, 17, 24, 25, 26, 27, 28, 29, 35, 44, 45, 46, 52, 64, 65, 66, 67, 68, 69, 75, 78, 81, 84, 85, 88, 96, 99, 106, 107, 108, 109, 110, 116, 119, 122, 130, 131, 132], "summary": {"covered_lines": 38, "num_statements": 38, "percent_covered": 100.0, "percent_covered_display": "100", "missing_lines": 0, "excluded_lines": 0, "percent_statements_covered": 100.0, "percent_statements_covered_display": "100"}, "missing_lines": [], "excluded_lines": [], "start_line": 1}}}, "src/oma_switch/version.py": {"executed_lines": [6, 7, 8, 9, 10, 11, 12, 13, 15, 16, 25, 26, 28, 47, 49, 50, 51, 54, 75, 77, 78, 79, 81, 82, 84, 94, 102, 103, 104, 105, 107, 108, 109, 112, 118, 119, 122, 123, 124, 127, 128, 129, 132, 133, 134, 135, 137, 140, 149, 150, 152, 153, 154, 155, 156, 158, 159, 161, 164, 168, 169, 171, 172, 173, 174, 176, 177, 178, 180, 181, 182, 183, 186, 188, 189, 190, 192, 197, 198, 200, 201, 203, 204, 205, 206, 209, 211, 212, 213, 215, 216, 218, 224, 225, 226, 227, 229, 230, 232, 246, 247, 250, 252, 253, 263, 269, 271, 272, 273, 274, 276, 277, 278, 279, 281, 282, 283, 284, 287, 288, 289, 290, 291, 294, 296, 297, 298, 299, 301, 302, 303, 304, 305, 306, 307, 308, 309, 310, 313, 323, 324, 325, 326, 328, 329, 330, 331, 332, 334, 335, 336, 337, 338, 339, 340, 341, 342, 343, 344, 346, 347, 351, 352, 353, 358, 359, 360, 362, 363, 364, 365, 366, 367, 369, 370, 371, 372, 373, 375, 377, 378, 380, 381, 387, 388, 389, 391, 392, 393, 395, 396, 397, 398, 404, 412, 413, 414, 416, 418, 419, 425, 426, 430, 431, 432, 433, 434, 435, 436, 437, 438, 439, 440, 441, 442, 446, 448, 450, 451, 452, 453, 455, 456, 457, 459], "summary": {"covered_lines": 225, "num_statements": 253, "percent_covered": 88.93280632411067, "percent_covered_display": "89", "missing_lines": 28, "excluded_lines": 0, "percent_statements_covered": 88.93280632411067, "percent_statements_covered_display": "89"}, "missing_lines": [254, 255, 256, 257, 258, 259, 260, 261, 262, 348, 349, 354, 355, 356, 374, 376, 382, 383, 384, 385, 399, 400, 401, 427, 428, 443, 444, 447], "excluded_lines": [], "functions": {"_get_version_dir": {"executed_lines": [49, 50, 51], "summary": {"covered_lines": 3, "num_statements": 3, "percent_covered": 100.0, "percent_covered_display": "100", "missing_lines": 0, "excluded_lines": 0, "percent_statements_covered": 100.0, "percent_statements_covered_display": "100"}, "missing_lines": [], "excluded_lines": [], "start_line": 47}, "_create_version_metadata": {"executed_lines": [75, 77, 78, 79, 81, 82, 84], "summary": {"covered_lines": 7, "num_statements": 7, "percent_covered": 100.0, "percent_covered_display": "100", "missing_lines": 0, "excluded_lines": 0, "percent_statements_covered": 100.0, "percent_statements_covered_display": "100"}, "missing_lines": [], "excluded_lines": [], "start_line": 54}, "_validate_version_metadata": {"executed_lines": [102, 103, 104, 105, 107, 108, 109, 112, 118, 119, 122, 123, 124, 127, 128, 129, 132, 133, 134, 135, 137], "summary": {"covered_lines": 21, "num_statements": 21, "percent_covered": 100.0, "percent_covered_display": "100", "missing_lines": 0, "excluded_lines": 0, "percent_statements_covered": 100.0, "percent_statements_covered_display": "100"}, "missing_lines": [], "excluded_lines": [], "start_line": 94}, "_load_version_metadata": {"executed_lines": [149, 150, 152, 153, 154, 155, 156, 158, 159, 161], "summary": {"covered_lines": 10, "num_statements": 10, "percent_covered": 100.0, "percent_covered_display": "100", "missing_lines": 0, "excluded_lines": 0, "percent_statements_covered": 100.0, "percent_statements_covered_display": "100"}, "missing_lines": [], "excluded_lines": [], "start_line": 140}, "_create_version_snapshot": {"executed_lines": [168, 169, 171, 172, 173, 174, 176, 177, 178, 180, 181, 182, 183], "summary": {"covered_lines": 13, "num_statements": 13, "percent_covered": 100.0, "percent_covered_display": "100", "missing_lines": 0, "excluded_lines": 0, "percent_statements_covered": 100.0, "percent_statements_covered_display": "100"}, "missing_lines": [], "excluded_lines": [], "start_line": 164}, "_rotate_versions": {"executed_lines": [188, 189, 190, 192, 197, 198, 200, 201, 203, 204, 205, 206], "summary": {"covered_lines": 12, "num_statements": 12, "percent_covered": 100.0, "percent_covered_display": "100", "missing_lines": 0, "excluded_lines": 0, "percent_statements_covered": 100.0, "percent_statements_covered_display": "100"}, "missing_lines": [], "excluded_lines": [], "start_line": 186}, "_list_versions": {"executed_lines": [211, 212, 213, 215, 216, 218, 224, 225, 226, 227, 229, 230, 232, 246, 247], "summary": {"covered_lines": 15, "num_statements": 15, "percent_covered": 100.0, "percent_covered_display": "100", "missing_lines": 0, "excluded_lines": 0, "percent_statements_covered": 100.0, "percent_statements_covered_display": "100"}, "missing_lines": [], "excluded_lines": [], "start_line": 209}, "_recover_from_versions": {"executed_lines": [252, 253, 263], "summary": {"covered_lines": 3, "num_statements": 12, "percent_covered": 25.0, "percent_covered_display": "25", "missing_lines": 9, "excluded_lines": 0, "percent_statements_covered": 25.0, "percent_statements_covered_display": "25"}, "missing_lines": [254, 255, 256, 257, 258, 259, 260, 261, 262], "excluded_lines": [], "start_line": 250}, "_show_restore_list": {"executed_lines": [271, 272, 273, 274, 276, 277, 278, 279, 281, 282, 283, 284, 287, 288, 289, 290, 291], "summary": {"covered_lines": 17, "num_statements": 17, "percent_covered": 100.0, "percent_covered_display": "100", "missing_lines": 0, "excluded_lines": 0, "percent_statements_covered": 100.0, "percent_statements_covered_display": "100"}, "missing_lines": [], "excluded_lines": [], "start_line": 269}, "_show_file_versions": {"executed_lines": [296, 297, 298, 299, 301, 302, 303, 304, 305, 306, 307, 308, 309, 310], "summary": {"covered_lines": 14, "num_statements": 14, "percent_covered": 100.0, "percent_covered_display": "100", "missing_lines": 0, "excluded_lines": 0, "percent_statements_covered": 100.0, "percent_statements_covered_display": "100"}, "missing_lines": [], "excluded_lines": [], "start_line": 294}, "_restore_version": {"executed_lines": [323, 324, 325, 326, 328, 329, 330, 331, 332, 334, 335, 336, 337, 338, 339, 340, 341, 342, 343, 344, 346, 347, 351, 352, 353, 358, 359, 360, 362, 363, 364, 365, 366, 367, 369, 370, 371, 372, 373, 375, 377, 378, 380, 381, 387, 388, 389, 391, 392, 393, 395, 396, 397, 398], "summary": {"covered_lines": 54, "num_statements": 68, "percent_covered": 79.41176470588235, "percent_covered_display": "79", "missing_lines": 14, "excluded_lines": 0, "percent_statements_covered": 79.41176470588235, "percent_statements_covered_display": "79"}, "missing_lines": [348, 349, 354, 355, 356, 374, 376, 382, 383, 384, 385, 399, 400, 401], "excluded_lines": [], "start_line": 313}, "cmd_restore": {"executed_lines": [412, 413, 414, 416, 418, 419, 425, 426, 430, 431, 432, 433, 434, 435, 436, 437, 438, 439, 440, 441, 442, 446, 448, 450, 451, 452, 453, 455, 456, 457, 459], "summary": {"covered_lines": 31, "num_statements": 36, "percent_covered": 86.11111111111111, "percent_covered_display": "86", "missing_lines": 5, "excluded_lines": 0, "percent_statements_covered": 86.11111111111111, "percent_statements_covered_display": "86"}, "missing_lines": [427, 428, 443, 444, 447], "excluded_lines": [], "start_line": 404}, "": {"executed_lines": [6, 7, 8, 9, 10, 11, 12, 13, 15, 16, 25, 26, 28, 47, 54, 94, 140, 164, 186, 209, 250, 269, 294, 313, 404], "summary": {"covered_lines": 25, "num_statements": 25, "percent_covered": 100.0, "percent_covered_display": "100", "missing_lines": 0, "excluded_lines": 0, "percent_statements_covered": 100.0, "percent_statements_covered_display": "100"}, "missing_lines": [], "excluded_lines": [], "start_line": 1}}, "classes": {"": {"executed_lines": [6, 7, 8, 9, 10, 11, 12, 13, 15, 16, 25, 26, 28, 47, 49, 50, 51, 54, 75, 77, 78, 79, 81, 82, 84, 94, 102, 103, 104, 105, 107, 108, 109, 112, 118, 119, 122, 123, 124, 127, 128, 129, 132, 133, 134, 135, 137, 140, 149, 150, 152, 153, 154, 155, 156, 158, 159, 161, 164, 168, 169, 171, 172, 173, 174, 176, 177, 178, 180, 181, 182, 183, 186, 188, 189, 190, 192, 197, 198, 200, 201, 203, 204, 205, 206, 209, 211, 212, 213, 215, 216, 218, 224, 225, 226, 227, 229, 230, 232, 246, 247, 250, 252, 253, 263, 269, 271, 272, 273, 274, 276, 277, 278, 279, 281, 282, 283, 284, 287, 288, 289, 290, 291, 294, 296, 297, 298, 299, 301, 302, 303, 304, 305, 306, 307, 308, 309, 310, 313, 323, 324, 325, 326, 328, 329, 330, 331, 332, 334, 335, 336, 337, 338, 339, 340, 341, 342, 343, 344, 346, 347, 351, 352, 353, 358, 359, 360, 362, 363, 364, 365, 366, 367, 369, 370, 371, 372, 373, 375, 377, 378, 380, 381, 387, 388, 389, 391, 392, 393, 395, 396, 397, 398, 404, 412, 413, 414, 416, 418, 419, 425, 426, 430, 431, 432, 433, 434, 435, 436, 437, 438, 439, 440, 441, 442, 446, 448, 450, 451, 452, 453, 455, 456, 457, 459], "summary": {"covered_lines": 225, "num_statements": 253, "percent_covered": 88.93280632411067, "percent_covered_display": "89", "missing_lines": 28, "excluded_lines": 0, "percent_statements_covered": 88.93280632411067, "percent_statements_covered_display": "89"}, "missing_lines": [254, 255, 256, 257, 258, 259, 260, 261, 262, 348, 349, 354, 355, 356, 374, 376, 382, 383, 384, 385, 399, 400, 401, 427, 428, 443, 444, 447], "excluded_lines": [], "start_line": 1}}}}, "totals": {"covered_lines": 1190, "num_statements": 2194, "percent_covered": 54.23883318140383, "percent_covered_display": "54", "missing_lines": 1004, "excluded_lines": 4, "percent_statements_covered": 54.23883318140383, "percent_statements_covered_display": "54"}}